[00:04:41] [ServerMain/INFO]: [bootstrap] Running Java 25 (OpenJDK 64-Bit Server VM 25.0.1+8-LTS; Microsoft Microsoft-12574222) on Linux 6.8.0-1030-azure (amd64)
[00:04:41] [ServerMain/INFO]: [bootstrap] Loading Paper 1.21.8-6-main@782ce95 (2025-07-18T20:26:58Z) for Minecraft 1.21.8
[00:04:41] [ServerMain/INFO]: [PluginInitializerManager] Initializing plugins...
[00:04:44] [Paper Plugin Remapper Thread - 1/INFO]: [PluginRemapper] Remapping plugin 'plugins/BrunoCore-1.0.jar'...
[00:04:45] [Paper Plugin Remapper Thread - 1/INFO]: [PluginRemapper] Done remapping plugin 'plugins/BrunoCore-1.0.jar' in 692ms.
[00:04:45] [ServerMain/INFO]: [FileProviderSource] The spark plugin will not be loaded as this server bundles the spark profiler.
[00:04:46] [ServerMain/INFO]: [PluginInitializerManager] Initialized 54 plugins
[00:04:46] [ServerMain/INFO]: [PluginInitializerManager] Paper plugins (3):
 - CoinsEngine (2.6.0), EconomyShopGUI (6.16.2), nightcore (2.11.0)
[00:04:46] [ServerMain/INFO]: [PluginInitializerManager] Bukkit plugins (51):
 - AdvancedBan (2.3.0), AdvancedEnchantments (9.22.5), AdvancedRenamer (1.1), AxSellwands (1.11.1), BetterRTP (3.6.13), BlockParticles (1.12), BrunoCore (1.0), CMILib (1.5.7.5), ChatColor2 (1.13.1), Citizens (2.0.41-SNAPSHOT (build 4021)), CitizensCMD (2.7.2), ConditionalEvents (4.72.2), CoreProtect (23.0), DecentHolograms (2.9.9), DeluxeMenus (1.14.1-Release), DeluxeTags (1.8.2-Release), Essentials (2.22.0-dev+47-faa02b5), EssentialsChat (2.22.0-dev+47-faa02b5), EssentialsSpawn (2.22.0-dev+47-faa02b5), ExcellentCrates (6.6.1), EzChat (3.1.0), ForcePack (1.3.74-SNAPSHOT), GriefPrevention (16.18.5), ItemEdit (3.7.7), KitPreview (2.4), LiteFish (5.0.6), LuckPerms (5.5.0), MOTD (2.3.10), Multiverse-Core (5.3.4), Multiverse-Inventories (5.2.2), PlaceholderAPI (2.11.7), ProtocolLib (5.4.0), QuickShop-Hikari (6.2.0.10), SilkSpawners (8.3.0), SimpleRename (13.9), StaffPlusPlus (1.21.17), TAB (5.4.0), TempFly (3.1.7), TheAssistant (4.0.2), TheAuction (3.70.0), ThePets (3.70.0), TheSkills (3.70.0), TogglePvp (8.1), Vault (1.7.3-b131), ViaVersion (5.6.0), VoidGen (2.3.4), WorldEdit (7.3.17+7262-c7fbe08), WorldGuard (7.0.14+2339-43997ec), WorldGuardExtraFlags (4.2.4-SNAPSHOT), ajLeaderboards (2.10.1), eco (6.77.2)
[00:04:55] [ServerMain/INFO]: Environment: Environment[sessionHost=https://sessionserver.mojang.com, servicesHost=https://api.minecraftservices.com, name=PROD]
[00:04:58] [ServerMain/INFO]: Loaded 1407 recipes
[00:04:58] [ServerMain/INFO]: Loaded 1520 advancements
[00:04:58] [ServerMain/INFO]: [ca.spottedleaf.dataconverter.minecraft.datatypes.MCTypeRegistry] Initialising converters for DataConverter...
[00:04:59] [ServerMain/INFO]: [ca.spottedleaf.dataconverter.minecraft.datatypes.MCTypeRegistry] Finished initialising converters for DataConverter in 921.5ms
[00:05:00] [Server thread/INFO]: Starting minecraft server version 1.21.8
[00:05:00] [Server thread/INFO]: Loading properties
[00:05:00] [Server thread/INFO]: This server is running Paper version 1.21.8-6-main@782ce95 (2025-07-18T20:26:58Z) (Implementing API version 1.21.8-R0.1-SNAPSHOT)
[00:05:00] [Server thread/INFO]: [spark] This server bundles the spark profiler. For more information please visit https://docs.papermc.io/paper/profiling
[00:05:01] [Server thread/INFO]: Server Ping Player Sample Count: 12
[00:05:01] [Server thread/INFO]: Using 4 threads for Netty based IO
[00:05:01] [Server thread/INFO]: [MoonriseCommon] Paper is using 1 worker threads, 1 I/O threads
[00:05:01] [Server thread/INFO]: [ChunkTaskScheduler] Chunk system is using population gen parallelism: true
[00:05:02] [Server thread/INFO]: Default game type: SURVIVAL
[00:05:02] [Server thread/INFO]: Generating keypair
[00:05:02] [Server thread/INFO]: Starting Minecraft server on *:30002
[00:05:02] [Server thread/INFO]: Using epoll channel type
[00:05:02] [Server thread/INFO]: Paper: Using libdeflate (Linux x86_64) compression from Velocity.
[00:05:02] [Server thread/INFO]: Paper: Using OpenSSL 3.x.x (Linux x86_64) cipher from Velocity.
[00:05:04] [Server thread/INFO]: [eco] Initializing eco
[00:05:05] [Server thread/INFO]: [SpigotLibraryLoader] [Citizens] Loading 4 libraries... please wait
[00:05:05] [Server thread/INFO]: [SpigotLibraryLoader] [Citizens] Loaded library /workspaces/Velocity_prueba/Survival/libraries/ch/ethz/globis/phtree/phtree/2.8.2/phtree-2.8.2.jar
[00:05:05] [Server thread/INFO]: [SpigotLibraryLoader] [Citizens] Loaded library /workspaces/Velocity_prueba/Survival/libraries/org/joml/joml/1.10.8/joml-1.10.8.jar
[00:05:05] [Server thread/INFO]: [SpigotLibraryLoader] [Citizens] Loaded library /workspaces/Velocity_prueba/Survival/libraries/it/unimi/dsi/fastutil/8.5.16/fastutil-8.5.16.jar
[00:05:05] [Server thread/INFO]: [SpigotLibraryLoader] [Citizens] Loaded library /workspaces/Velocity_prueba/Survival/libraries/team/unnamed/mocha/3.0.0/mocha-3.0.0.jar
[00:05:05] [Server thread/INFO]: [SpigotLibraryLoader] [Citizens] Loaded library /workspaces/Velocity_prueba/Survival/libraries/org/javassist/javassist/3.30.2-GA/javassist-3.30.2-GA.jar
[00:05:05] [Server thread/INFO]: [SpigotLibraryLoader] [Citizens] Loaded library /workspaces/Velocity_prueba/Survival/libraries/org/jetbrains/annotations/24.0.1/annotations-24.0.1.jar
[00:05:05] [Server thread/INFO]: [SpigotLibraryLoader] [ItemEdit] Loading 5 libraries... please wait
[00:05:06] [Server thread/INFO]: [SpigotLibraryLoader] [ItemEdit] Loaded library /workspaces/Velocity_prueba/Survival/libraries/net/kyori/adventure-api/4.20.0/adventure-api-4.20.0.jar
[00:05:06] [Server thread/INFO]: [SpigotLibraryLoader] [ItemEdit] Loaded library /workspaces/Velocity_prueba/Survival/libraries/net/kyori/adventure-key/4.20.0/adventure-key-4.20.0.jar
[00:05:06] [Server thread/INFO]: [SpigotLibraryLoader] [ItemEdit] Loaded library /workspaces/Velocity_prueba/Survival/libraries/net/kyori/examination-api/1.3.0/examination-api-1.3.0.jar
[00:05:06] [Server thread/INFO]: [SpigotLibraryLoader] [ItemEdit] Loaded library /workspaces/Velocity_prueba/Survival/libraries/net/kyori/examination-string/1.3.0/examination-string-1.3.0.jar
[00:05:06] [Server thread/INFO]: [SpigotLibraryLoader] [ItemEdit] Loaded library /workspaces/Velocity_prueba/Survival/libraries/org/jetbrains/annotations/26.0.2/annotations-26.0.2.jar
[00:05:06] [Server thread/INFO]: [SpigotLibraryLoader] [ItemEdit] Loaded library /workspaces/Velocity_prueba/Survival/libraries/net/kyori/adventure-platform-bukkit/4.3.4/adventure-platform-bukkit-4.3.4.jar
[00:05:06] [Server thread/INFO]: [SpigotLibraryLoader] [ItemEdit] Loaded library /workspaces/Velocity_prueba/Survival/libraries/net/kyori/adventure-platform-api/4.3.4/adventure-platform-api-4.3.4.jar
[00:05:06] [Server thread/INFO]: [SpigotLibraryLoader] [ItemEdit] Loaded library /workspaces/Velocity_prueba/Survival/libraries/net/kyori/adventure-text-serializer-bungeecord/4.3.4/adventure-text-serializer-bungeecord-4.3.4.jar
[00:05:06] [Server thread/INFO]: [SpigotLibraryLoader] [ItemEdit] Loaded library /workspaces/Velocity_prueba/Survival/libraries/net/kyori/adventure-nbt/4.13.1/adventure-nbt-4.13.1.jar
[00:05:06] [Server thread/INFO]: [SpigotLibraryLoader] [ItemEdit] Loaded library /workspaces/Velocity_prueba/Survival/libraries/net/kyori/adventure-text-serializer-gson-legacy-impl/4.13.1/adventure-text-serializer-gson-legacy-impl-4.13.1.jar
[00:05:06] [Server thread/INFO]: [SpigotLibraryLoader] [ItemEdit] Loaded library /workspaces/Velocity_prueba/Survival/libraries/net/kyori/adventure-platform-facet/4.3.4/adventure-platform-facet-4.3.4.jar
[00:05:06] [Server thread/INFO]: [SpigotLibraryLoader] [ItemEdit] Loaded library /workspaces/Velocity_prueba/Survival/libraries/net/kyori/adventure-platform-viaversion/4.3.4/adventure-platform-viaversion-4.3.4.jar
[00:05:06] [Server thread/INFO]: [SpigotLibraryLoader] [ItemEdit] Loaded library /workspaces/Velocity_prueba/Survival/libraries/net/kyori/adventure-text-minimessage/4.20.0/adventure-text-minimessage-4.20.0.jar
[00:05:06] [Server thread/INFO]: [SpigotLibraryLoader] [ItemEdit] Loaded library /workspaces/Velocity_prueba/Survival/libraries/net/kyori/adventure-text-serializer-gson/4.20.0/adventure-text-serializer-gson-4.20.0.jar
[00:05:06] [Server thread/INFO]: [SpigotLibraryLoader] [ItemEdit] Loaded library /workspaces/Velocity_prueba/Survival/libraries/net/kyori/adventure-text-serializer-json/4.20.0/adventure-text-serializer-json-4.20.0.jar
[00:05:06] [Server thread/INFO]: [SpigotLibraryLoader] [ItemEdit] Loaded library /workspaces/Velocity_prueba/Survival/libraries/net/kyori/option/1.1.0/option-1.1.0.jar
[00:05:06] [Server thread/INFO]: [SpigotLibraryLoader] [ItemEdit] Loaded library /workspaces/Velocity_prueba/Survival/libraries/org/jspecify/jspecify/1.0.0/jspecify-1.0.0.jar
[00:05:06] [Server thread/INFO]: [SpigotLibraryLoader] [ItemEdit] Loaded library /workspaces/Velocity_prueba/Survival/libraries/com/google/code/gson/gson/2.8.0/gson-2.8.0.jar
[00:05:06] [Server thread/INFO]: [SpigotLibraryLoader] [ItemEdit] Loaded library /workspaces/Velocity_prueba/Survival/libraries/com/google/auto/service/auto-service-annotations/1.1.1/auto-service-annotations-1.1.1.jar
[00:05:06] [Server thread/INFO]: [SpigotLibraryLoader] [ItemEdit] Loaded library /workspaces/Velocity_prueba/Survival/libraries/net/kyori/adventure-text-serializer-commons/4.20.0/adventure-text-serializer-commons-4.20.0.jar
[00:05:06] [Server thread/INFO]: [SpigotLibraryLoader] [ItemEdit] Loaded library /workspaces/Velocity_prueba/Survival/libraries/net/kyori/adventure-text-serializer-legacy/4.20.0/adventure-text-serializer-legacy-4.20.0.jar
[00:05:06] [Server thread/INFO]: [SpigotLibraryLoader] [EzChat] Loading 3 libraries... please wait
[00:05:06] [Server thread/INFO]: [SpigotLibraryLoader] [EzChat] Loaded library /workspaces/Velocity_prueba/Survival/libraries/net/kyori/adventure-api/4.13.1/adventure-api-4.13.1.jar
[00:05:06] [Server thread/INFO]: [SpigotLibraryLoader] [EzChat] Loaded library /workspaces/Velocity_prueba/Survival/libraries/net/kyori/adventure-key/4.13.1/adventure-key-4.13.1.jar
[00:05:06] [Server thread/INFO]: [SpigotLibraryLoader] [EzChat] Loaded library /workspaces/Velocity_prueba/Survival/libraries/net/kyori/examination-api/1.3.0/examination-api-1.3.0.jar
[00:05:06] [Server thread/INFO]: [SpigotLibraryLoader] [EzChat] Loaded library /workspaces/Velocity_prueba/Survival/libraries/net/kyori/examination-string/1.3.0/examination-string-1.3.0.jar
[00:05:06] [Server thread/INFO]: [SpigotLibraryLoader] [EzChat] Loaded library /workspaces/Velocity_prueba/Survival/libraries/org/jetbrains/annotations/24.0.1/annotations-24.0.1.jar
[00:05:06] [Server thread/INFO]: [SpigotLibraryLoader] [EzChat] Loaded library /workspaces/Velocity_prueba/Survival/libraries/net/kyori/adventure-text-serializer-gson/4.13.1/adventure-text-serializer-gson-4.13.1.jar
[00:05:06] [Server thread/INFO]: [SpigotLibraryLoader] [EzChat] Loaded library /workspaces/Velocity_prueba/Survival/libraries/com/google/code/gson/gson/2.8.0/gson-2.8.0.jar
[00:05:06] [Server thread/INFO]: [SpigotLibraryLoader] [EzChat] Loaded library /workspaces/Velocity_prueba/Survival/libraries/net/kyori/adventure-text-serializer-legacy/4.13.1/adventure-text-serializer-legacy-4.13.1.jar
[00:05:06] [Server thread/INFO]: [ViaVersion] Loading server plugin ViaVersion v5.6.0
[00:05:06] [Server thread/INFO]: [ViaVersion] ViaVersion 5.6.0 is now loaded. Registering protocol transformers and injecting...
[00:05:07] [Via-Mappingloader-1/INFO]: [ViaVersion] Loading block connection mappings ...
[00:05:08] [Via-Mappingloader-1/INFO]: [ViaVersion] Using FastUtil Long2ObjectOpenHashMap for block connections
[00:05:08] [Server thread/INFO]: [LuckPerms] Loading server plugin LuckPerms v5.5.0
[00:05:09] [Server thread/INFO]: [Vault] Loading server plugin Vault v1.7.3-b131
[00:05:09] [Server thread/INFO]: [WorldEdit] Loading server plugin WorldEdit v7.3.17+7262-c7fbe08
[00:05:11] [Server thread/INFO]: Got request to register class com.sk89q.worldedit.bukkit.BukkitServerInterface with WorldEdit [com.sk89q.worldedit.extension.platform.PlatformManager@40c7bf29]
[00:05:11] [Server thread/INFO]: [PlaceholderAPI] Loading server plugin PlaceholderAPI v2.11.7
[00:05:11] [Server thread/INFO]: [VoidGen] Loading server plugin VoidGen v2.3.4
[00:05:11] [Server thread/INFO]: [WorldGuard] Loading server plugin WorldGuard v7.0.14+2339-43997ec
[00:05:11] [Server thread/INFO]: [CoreLogging] Loading server plugin Multiverse-Core v5.3.4
[00:05:11] [Server thread/INFO]: [ProtocolLib] Loading server plugin ProtocolLib v5.4.0
[00:05:11] [Server thread/INFO]: [Essentials] Loading server plugin Essentials v2.22.0-dev+47-faa02b5
[00:05:11] [Server thread/INFO]: [nightcore] Loading server plugin nightcore v2.11.0
[00:05:11] [Server thread/INFO]: [GriefPrevention] Loading server plugin GriefPrevention v16.18.5
[00:05:11] [Server thread/INFO]: [Multiverse-Inventories] Loading server plugin Multiverse-Inventories v5.2.2
[00:05:11] [Server thread/INFO]: [DecentHolograms] Loading server plugin DecentHolograms v2.9.9
[00:05:11] [Server thread/INFO]: [TheAssistant] Loading server plugin TheAssistant v4.0.2
[00:05:11] [Server thread/INFO]: [SilkSpawners] Loading server plugin SilkSpawners v8.3.0
[00:05:11] [Server thread/INFO]: [EssentialsChat] Loading server plugin EssentialsChat v2.22.0-dev+47-faa02b5
[00:05:11] [Server thread/INFO]: [CoinsEngine] Loading server plugin CoinsEngine v2.6.0
[00:05:11] [Server thread/INFO]: [eco] Loading server plugin eco v6.77.2
[00:05:11] [Server thread/INFO]: [Citizens] Loading server plugin Citizens v2.0.41-SNAPSHOT (build 4021)
[00:05:11] [Server thread/INFO]: [TheSkills] Loading server plugin TheSkills v3.70.0
[00:05:11] [Server thread/INFO]: [EconomyShopGUI] Loading server plugin EconomyShopGUI v6.16.2
[00:05:11] [Server thread/INFO]: [WorldGuardExtraFlags] Loading server plugin WorldGuardExtraFlags v4.2.4-SNAPSHOT
[00:05:11] [Server thread/INFO]: [CoreProtect] Loading server plugin CoreProtect v23.0
[00:05:11] [Server thread/INFO]: [BrunoCore] Loading server plugin BrunoCore v1.0
[00:05:11] [Server thread/INFO]: [TempFly] Loading server plugin TempFly v3.1.7
[00:05:11] [Server thread/INFO]: [LiteFish] Loading server plugin LiteFish v5.0.6
[00:05:11] [Server thread/INFO]: [ForcePack] Loading server plugin ForcePack v1.3.74-SNAPSHOT
[00:05:11] [Server thread/INFO]: [TheAuction] Loading server plugin TheAuction v3.70.0
[00:05:11] [Server thread/INFO]: [ChatColor2] Loading server plugin ChatColor2 v1.13.1
[00:05:11] [Server thread/INFO]: [CMILib] Loading server plugin CMILib v1.5.7.5
[00:05:11] [Server thread/INFO]: [DeluxeMenus] Loading server plugin DeluxeMenus v1.14.1-Release
[00:05:11] [Server thread/WARN]: [DeluxeMenus] Could not setup a NMS hook for your server version! The following Item options will not work: nbt_int, nbt_ints, nbt_string and nbt_strings.
[00:05:11] [Server thread/INFO]: [CitizensCMD] Loading server plugin CitizensCMD v2.7.2
[00:05:11] [Server thread/INFO]: [BlockParticles] Loading server plugin BlockParticles v1.12
[00:05:11] [Server thread/INFO]: [ExcellentCrates] Loading server plugin ExcellentCrates v6.6.1
[00:05:11] [Server thread/INFO]: [StaffPlusPlus] Loading server plugin StaffPlusPlus v1.21.17
[00:05:11] [Server thread/INFO]: [AdvancedBan] Loading server plugin AdvancedBan v2.3.0
[00:05:11] [Server thread/INFO]: [ItemEdit] Loading server plugin ItemEdit v3.7.7
[00:05:11] [Server thread/INFO]: [TogglePvp] Loading server plugin TogglePvp v8.1
[00:05:11] [Server thread/INFO]: [ThePets] Loading server plugin ThePets v3.70.0
[00:05:11] [Server thread/INFO]: [EssentialsSpawn] Loading server plugin EssentialsSpawn v2.22.0-dev+47-faa02b5
[00:05:11] [Server thread/INFO]: [MOTD] Loading server plugin MOTD v2.3.10
[00:05:11] [Server thread/INFO]: [SimpleRename] Loading server plugin SimpleRename v13.9
[00:05:11] [Server thread/INFO]: [ajLeaderboards] Loading server plugin ajLeaderboards v2.10.1
[00:05:12] [Server thread/INFO]: [ajLeaderboards] Verifying checksum for gson
[00:05:12] [Server thread/INFO]: [ajLeaderboards] Checksum matched for gson
[00:05:12] [Server thread/INFO]: [ajLeaderboards] Verifying checksum for jar-relocator
[00:05:12] [Server thread/INFO]: [ajLeaderboards] Checksum matched for jar-relocator
[00:05:12] [Server thread/INFO]: [ajLeaderboards] Verifying checksum for asm
[00:05:12] [Server thread/INFO]: [ajLeaderboards] Checksum matched for asm
[00:05:12] [Server thread/INFO]: [ajLeaderboards] Verifying checksum for asm-commons
[00:05:12] [Server thread/INFO]: [ajLeaderboards] Checksum matched for asm-commons
[00:05:12] [Server thread/INFO]: [ajLeaderboards] Verifying checksum for gson
[00:05:12] [Server thread/INFO]: [ajLeaderboards] Checksum matched for gson
[00:05:12] [Server thread/INFO]: [ajLeaderboards] Verifying checksum for HikariCP
[00:05:12] [Server thread/INFO]: [ajLeaderboards] Checksum matched for HikariCP
[00:05:12] [Server thread/INFO]: [ajLeaderboards] Verifying checksum for slf4j-api
[00:05:12] [Server thread/INFO]: [ajLeaderboards] Checksum matched for slf4j-api
[00:05:12] [Server thread/INFO]: [ajLeaderboards] Verifying checksum for h2
[00:05:12] [Server thread/INFO]: [ajLeaderboards] Checksum matched for h2
[00:05:12] [Server thread/INFO]: [ajLeaderboards] Verifying checksum for okhttp
[00:05:12] [Server thread/INFO]: [ajLeaderboards] Checksum matched for okhttp
[00:05:12] [Server thread/INFO]: [ajLeaderboards] Verifying checksum for okio
[00:05:12] [Server thread/INFO]: [ajLeaderboards] Checksum matched for okio
[00:05:12] [Server thread/INFO]: [ajLeaderboards] Verifying checksum for okio-jvm
[00:05:12] [Server thread/INFO]: [ajLeaderboards] Checksum matched for okio-jvm
[00:05:12] [Server thread/INFO]: [ajLeaderboards] Verifying checksum for kotlin-stdlib-jdk8
[00:05:12] [Server thread/INFO]: [ajLeaderboards] Checksum matched for kotlin-stdlib-jdk8
[00:05:12] [Server thread/INFO]: [ajLeaderboards] Verifying checksum for kotlin-stdlib
[00:05:12] [Server thread/INFO]: [ajLeaderboards] Checksum matched for kotlin-stdlib
[00:05:12] [Server thread/INFO]: [ajLeaderboards] Verifying checksum for kotlin-stdlib-common
[00:05:12] [Server thread/INFO]: [ajLeaderboards] Checksum matched for kotlin-stdlib-common
[00:05:12] [Server thread/INFO]: [ajLeaderboards] Verifying checksum for annotations
[00:05:12] [Server thread/INFO]: [ajLeaderboards] Checksum matched for annotations
[00:05:12] [Server thread/INFO]: [ajLeaderboards] Verifying checksum for kotlin-stdlib-jdk7
[00:05:12] [Server thread/INFO]: [ajLeaderboards] Checksum matched for kotlin-stdlib-jdk7
[00:05:12] [Server thread/INFO]: [BetterRTP] Loading server plugin BetterRTP v3.6.13
[00:05:12] [Server thread/INFO]: [TAB] Loading server plugin TAB v5.4.0
[00:05:12] [Server thread/INFO]: [KitPreview] Loading server plugin KitPreview v2.4
[00:05:12] [Server thread/INFO]: [EzChat] Loading server plugin EzChat v3.1.0
[00:05:12] [Server thread/INFO]: [DeluxeTags] Loading server plugin DeluxeTags v1.8.2-Release
[00:05:12] [Server thread/INFO]: [AxSellwands] Loading server plugin AxSellwands v1.11.1
[00:05:12] [Server thread/INFO]: [AdvancedEnchantments] Loading server plugin AdvancedEnchantments v9.22.5
[00:05:12] [Server thread/INFO]: [AdvancedRenamer] Loading server plugin AdvancedRenamer v1.1
[00:05:12] [Server thread/INFO]: [QuickShop-Hikari] Loading server plugin QuickShop-Hikari v6.2.0.10
[00:05:12] [Server thread/INFO]: [QuickShop-Hikari/Bootstrap] QuickShop-Hikari - Bootstrap -> Execute the initialization sequence
[00:05:12] [Server thread/INFO]: [QuickShop-Hikari/Bootstrap] Bootloader preparing for startup, please wait...
[00:05:12] [Server thread/INFO]: [QuickShop-Hikari/Bootstrap] Initializing libraries...
[00:05:17] [Server thread/INFO]: [QuickShop-Hikari] Maven repository mirror test result:
[00:05:17] [Server thread/INFO]: [QuickShop-Hikari] [US] APACHE: 191ms
[00:05:17] [Server thread/INFO]: [QuickShop-Hikari] [US] CENTRAL: 199ms
[00:05:17] [Server thread/INFO]: [QuickShop-Hikari] [CN] TENCENT: 540ms
[00:05:17] [Server thread/INFO]: [QuickShop-Hikari] [CN] ALIYUN: 655ms
[00:05:17] [Server thread/INFO]: [QuickShop-Hikari] [CN] HUAWEI: 4623ms
[00:05:17] [Server thread/INFO]: [QuickShop-Hikari/Bootstrap] Loading 12 libraries (0 skipped libraries)...
[00:05:17] [Server thread/INFO]: [QuickShop-Hikari/Bootstrap] Loading library org.apache.commons:commons-lang3:3.14.0 [1/12]
[00:05:17] [Server thread/ERROR]: [STDERR] [org.slf4j.helpers.Util] SLF4J: Failed to load class "org.slf4j.impl.StaticLoggerBinder".
[00:05:17] [Server thread/ERROR]: [STDERR] [org.slf4j.helpers.Util] SLF4J: Defaulting to no-operation (NOP) logger implementation
[00:05:17] [Server thread/ERROR]: [STDERR] [org.slf4j.helpers.Util] SLF4J: See http://www.slf4j.org/codes.html#StaticLoggerBinder for further details.
[00:05:17] [Server thread/INFO]: [QuickShop-Hikari/Bootstrap] Loading library org.apache.commons:commons-compress:1.25.0 [2/12]
[00:05:17] [Server thread/INFO]: [QuickShop-Hikari/Bootstrap] Loading library com.google.code.gson:gson:2.10.1 [3/12]
[00:05:17] [Server thread/INFO]: [QuickShop-Hikari/Bootstrap] Loading library com.google.guava:guava:33.1.0-jre [4/12]
[00:05:17] [Server thread/INFO]: [QuickShop-Hikari/Bootstrap] Loading library com.rollbar:rollbar-java:1.9.0 [5/12]
[00:05:17] [Server thread/INFO]: [QuickShop-Hikari/Bootstrap] Loading library cc.carm.lib:easysql-hikaricp:0.4.7 [6/12]
[00:05:17] [Server thread/INFO]: [QuickShop-Hikari/Bootstrap] Loading library com.h2database:h2:2.1.214 [7/12]
[00:05:17] [Server thread/INFO]: [QuickShop-Hikari/Bootstrap] Loading library com.konghq:unirest-java:3.14.5 [8/12]
[00:05:17] [Server thread/INFO]: [QuickShop-Hikari/Bootstrap] Loading library net.sourceforge.csvjdbc:csvjdbc:1.0.42 [9/12]
[00:05:17] [Server thread/INFO]: [QuickShop-Hikari/Bootstrap] Loading library org.dom4j:dom4j:2.1.4 [10/12]
[00:05:17] [Server thread/INFO]: [QuickShop-Hikari/Bootstrap] Loading library com.vdurmont:semver4j:3.1.0 [11/12]
[00:05:17] [Server thread/INFO]: [QuickShop-Hikari/Bootstrap] Loading library com.ghostchu.crowdin:crowdinota:1.0.3 [12/12]
[00:05:17] [Server thread/INFO]: [QuickShop-Hikari/Bootstrap] Initialing Unirest...
[00:05:18] [Server thread/INFO]: [QuickShop-Hikari/Bootstrap] Initializing platform...
[00:05:18] [Server thread/INFO]: [QuickShop-Hikari/Bootstrap] Platform detected: Paper
[00:05:18] [Server thread/INFO]: [QuickShop-Hikari] Slf4jLogger initialized
[00:05:18] [Server thread/INFO]: [QuickShop-Hikari/Bootstrap] Platform initialized: com.ghostchu.quickshop.platform.paper.PaperPlatform
[00:05:18] [Server thread/INFO]: [QuickShop-Hikari/Bootstrap] Boot QuickShop instance...
[00:05:18] [Server thread/INFO]: [QuickShop-Hikari/Bootstrap] Creating QuickShop instance...
[00:05:18] [Server thread/INFO]: [QuickShop-Hikari] Registering Bukkit Service: com.ghostchu.quickshop.api.QuickShopProvider
[00:05:18] [Server thread/INFO]: [QuickShop-Hikari] QuickShop Hikari - Early boot step - Booting up
[00:05:18] [Server thread/INFO]: [QuickShop-Hikari] Self testing...
[00:05:18] [Server thread/INFO]: [QuickShop-Hikari] Reading the configuration...
[00:05:18] [Server thread/INFO]: [QuickShop-Hikari] [ConfigUpdater] Saving configuration changes...
[00:05:18] [Server thread/INFO]: [QuickShop-Hikari] Setting up privacy controller...
[00:05:18] [Server thread/INFO]: [QuickShop-Hikari] Setting up QuickShop registry....
[00:05:18] [Server thread/INFO]: [QuickShop-Hikari] Setting up metrics manager...
[00:05:18] [Server thread/INFO]: [QuickShop-Hikari] Loading player name and unique id mapping...
[00:05:18] [Server thread/INFO]: [QuickShop-Hikari] Loading translations (This may take a while)...
[00:05:18] [Server thread/INFO]: [QuickShop-Hikari] Please wait us fetch the translation updates from Crowdin OTA service...
[00:05:18] [Server thread/INFO]: [CrowdinOTA] Downloading Crowdin distribution manifest from remote server...
[00:05:18] [Server thread/INFO]: [OTAFileInstance-0] Downloading translations for 0 locales...
[00:05:18] [Server thread/INFO]: [OTAFileInstance-1] Downloading translations for 0 locales...
[00:05:18] [Server thread/INFO]: [QuickShop-Hikari] Loading up translations from Crowdin OTA, this may need a while...
[00:05:19] [Server thread/INFO]: [QuickShop-Hikari] Loading up translations from Crowdin OTA, this may need a while...
[00:05:19] [Server thread/INFO]: [QuickShop-Hikari] Register InventoryWrapper...
[00:05:19] [Server thread/INFO]: [QuickShop-Hikari] Initializing NexusManager...
[00:05:19] [Server thread/INFO]: [QuickShop-Hikari] QuickShop Hikari - Early boot step - Complete
[00:05:19] [Server thread/INFO]: [QuickShop-Hikari/Bootstrap] QuickShop-Hikari - Bootstrap -> Complete (7488ms). Waiting for enable...
[00:05:19] [Server thread/INFO]: [ConditionalEvents] Loading server plugin ConditionalEvents v4.72.2
[00:05:19] [Server thread/INFO]: Server permissions file permissions.yml is empty, ignoring it
[00:05:19] [Server thread/INFO]: [LuckPerms] Enabling LuckPerms v5.5.0
[00:05:20] [Server thread/INFO]:         __    
[00:05:20] [Server thread/INFO]:   |    |__)   LuckPerms v5.5.0
[00:05:20] [Server thread/INFO]:   |___ |      Running on Bukkit - Paper
[00:05:20] [Server thread/INFO]: 
[00:05:20] [Server thread/INFO]: [LuckPerms] Loading configuration...
[00:05:21] [Server thread/INFO]: [LuckPerms] Loading storage provider... [H2]
[00:05:21] [Server thread/INFO]: [LuckPerms] Loading internal permission managers...
[00:05:21] [Server thread/INFO]: [LuckPerms] Performing initial data load...
[00:05:21] [Server thread/INFO]: [LuckPerms] Successfully enabled. (took 1961ms)
[00:05:21] [Server thread/INFO]: [Vault] Enabling Vault v1.7.3-b131
[00:05:21] [Server thread/INFO]: [Vault] [Economy] Essentials Economy found: Waiting
[00:05:22] [Server thread/INFO]: [Vault] [Permission] SuperPermissions loaded as backup permission system.
[00:05:22] [Server thread/INFO]: [Vault] Enabled Version 1.7.3-b131
[00:05:22] [Server thread/INFO]: [LuckPerms] Registered Vault permission & chat hook.
[00:05:22] [Server thread/INFO]: [WorldEdit] Enabling WorldEdit v7.3.17+7262-c7fbe08
[00:05:22] [Server thread/INFO]: Registering commands with com.sk89q.worldedit.bukkit.BukkitServerInterface
[00:05:22] [Server thread/INFO]: WEPIF: Vault detected! Using Vault for permissions
[00:05:22] [Server thread/INFO]: Using com.sk89q.worldedit.bukkit.adapter.impl.v1_21_6.PaperweightAdapter as the Bukkit adapter
[00:05:24] [Server thread/INFO]: [VoidGen] Enabling VoidGen v2.3.4
[00:05:24] [Server thread/INFO]: [VoidGen] Using VoidChunkGen: VERSION_1_21_3
[00:05:24] [Server thread/INFO]: [ProtocolLib] Enabling ProtocolLib v5.4.0
[00:05:24] [Server thread/INFO]: [nightcore] Enabling nightcore v2.11.0
[00:05:24] [Server thread/INFO]: [nightcore] Server version detected as 1.21.8. Using paper-bridge.
[00:05:24] [Server thread/INFO]: Environment: Environment[sessionHost=https://sessionserver.mojang.com, servicesHost=https://api.minecraftservices.com, name=PROD]
[00:05:24] [Server thread/INFO]: [nightcore] Time zone set as Etc/UTC
[00:05:24] [Server thread/INFO]: [nightcore] Loaded 2 color schemes.
[00:05:24] [Server thread/INFO]: [nightcore] Using 'custom' color scheme.
[00:05:24] [Server thread/INFO]: [nightcore] Registered permissions provider: LuckPerms
[00:05:24] [Server thread/INFO]: [nightcore] Registered item provider: 'vanilla'.
[00:05:24] [Server thread/INFO]: [nightcore] Registered item provider: 'excellentcrates'.
[00:05:24] [Server thread/INFO]: [nightcore] Registered item provider: 'excellentcrates_crate'.
[00:05:24] [Server thread/INFO]: [nightcore] Registered item provider: 'excellentcrates_key'.
[00:05:24] [Server thread/INFO]: [nightcore] Vault detected! Loading currency...
[00:05:24] [Server thread/INFO]: [nightcore] Currency registered: 'vault'.
[00:05:24] [Server thread/INFO]: [nightcore] Currency registered: 'xp_level'.
[00:05:24] [Server thread/INFO]: [nightcore] Currency registered: 'gold'.
[00:05:24] [Server thread/INFO]: [nightcore] Currency registered: 'emerald'.
[00:05:24] [Server thread/INFO]: [nightcore] Currency registered: 'custom_diamond'.
[00:05:24] [Server thread/INFO]: [nightcore] Plugin loaded in 223 ms!
[00:05:24] [Server thread/INFO]: [CoinsEngine] Enabling CoinsEngine v2.6.0
[00:05:24] [Server thread/INFO]: [CoinsEngine] Powered by nightcore
[00:05:24] [Server thread/INFO]: [com.zaxxer.hikari.HikariDataSource] CoinsEnginePool - Starting...
[00:05:25] [Server thread/INFO]: [com.zaxxer.hikari.pool.HikariPool] CoinsEnginePool - Added connection org.sqlite.jdbc4.JDBC4Connection@7fab55c0
[00:05:25] [Server thread/INFO]: [com.zaxxer.hikari.HikariDataSource] CoinsEnginePool - Start completed.
[00:05:25] [Server thread/INFO]: [CoinsEngine] Currency registered: 'coins'.
[00:05:25] [Server thread/INFO]: [PlaceholderAPI] Successfully registered internal expansion: coinsengine [2.6.0]
[00:05:25] [Server thread/INFO]: [CoinsEngine] Plugin loaded in 291 ms!
[00:05:25] [Server thread/INFO]: [nightcore] CoinsEngine detected! Loading currency...
[00:05:25] [Server thread/INFO]: [nightcore] Currency registered: 'coinsengine_coins'.
[00:05:25] [Server thread/INFO]: [eco] Enabling eco v6.77.2
[00:05:25] [Server thread/INFO]: [eco] Loading eco
[00:05:25] [Server thread/INFO]: [PlaceholderAPI] Successfully registered internal expansion: eco [6.77.2]
[00:05:25] [Server thread/INFO]: [eco] Loaded integrations: EconomyShopGUI, DecentHolograms, Essentials, Vault, Multiverse-Inventories, GriefPrevention, PlaceholderAPI, WorldGuard
[00:05:25] [Server thread/INFO]: [eco] Scanning for conflicts...
[00:05:25] [Server thread/INFO]: [eco] No conflicts found!
[00:05:25] [Server thread/INFO]: [MOTD] Enabling MOTD v2.3.10
[00:05:25] [Server thread/INFO]: [MOTD] [Placeholder] PlaceholderAPI hooked.
[00:05:25] [Server thread/WARN]: **** SERVER IS RUNNING IN OFFLINE/INSECURE MODE!
[00:05:25] [Server thread/WARN]: The server will make no attempt to authenticate usernames. Beware.
[00:05:25] [Server thread/WARN]: Whilst this makes it possible to use Velocity, unless access to your server is properly restricted, it also opens up the ability for hackers to connect with any username they choose.
[00:05:25] [Server thread/WARN]: Please see https://docs.papermc.io/velocity/security for further information.
[00:05:25] [Server thread/WARN]: To change this, set "online-mode" to "true" in the server.properties file.
[00:05:25] [Server thread/INFO]: Preparing level "world"
[00:05:27] [Server thread/INFO]: Preparing start region for dimension minecraft:overworld
[00:05:27] [Server thread/INFO]: Preparing spawn area: 0%
[00:05:27] [Server thread/INFO]: Preparing spawn area: 2%
[00:05:28] [Server thread/INFO]: Preparing spawn area: 18%
[00:05:28] [Server thread/INFO]: Time elapsed: 1441 ms
[00:05:28] [Server thread/INFO]: Preparing start region for dimension minecraft:the_nether
[00:05:28] [Server thread/INFO]: Preparing spawn area: 0%
[00:05:28] [Server thread/INFO]: Time elapsed: 429 ms
[00:05:28] [Server thread/INFO]: [ViaVersion] Enabling ViaVersion v5.6.0
[00:05:28] [Server thread/INFO]: [ViaVersion] ViaVersion detected server version: 1.21.7-1.21.8 (772)
[00:05:28] [Server thread/INFO]: [PlaceholderAPI] Enabling PlaceholderAPI v2.11.7
[00:05:29] [Server thread/INFO]: [PlaceholderAPI] Fetching available expansion information...
[00:05:29] [Server thread/INFO]: [WorldGuard] Enabling WorldGuard v7.0.14+2339-43997ec
[00:05:29] [Server thread/INFO]: [WorldGuard] (world) TNT ignition is PERMITTED.
[00:05:29] [Server thread/INFO]: [WorldGuard] (world) Lighters are PERMITTED.
[00:05:29] [Server thread/INFO]: [WorldGuard] (world) Lava fire is PERMITTED.
[00:05:29] [Server thread/INFO]: [WorldGuard] (world) Fire spread is UNRESTRICTED.
[00:05:29] [Server thread/INFO]: [WorldGuard] Loaded configuration for world 'world'
[00:05:29] [Server thread/INFO]: [WorldGuard] (world_nether) TNT ignition is PERMITTED.
[00:05:29] [Server thread/INFO]: [WorldGuard] (world_nether) Lighters are PERMITTED.
[00:05:29] [Server thread/INFO]: [WorldGuard] (world_nether) Lava fire is PERMITTED.
[00:05:29] [Server thread/INFO]: [WorldGuard] (world_nether) Fire spread is UNRESTRICTED.
[00:05:29] [Server thread/INFO]: [WorldGuard] Loaded configuration for world 'world_nether'
[00:05:29] [Server thread/INFO]: [WorldGuard] Loading region data...
[00:05:29] [Server thread/INFO]: [Multiverse-Core] Enabling Multiverse-Core v5.3.4
[00:05:29] [Server thread/INFO]: [VoidGen] 
[00:05:29] [Server thread/INFO]: [VoidGen] > ——————————————————————[ world ]——————————————————————
[00:05:29] [Server thread/INFO]: [VoidGen] > 
[00:05:29] [Server thread/INFO]: [VoidGen] > Generator settings have not been set, we will use the default settings:
[00:05:29] [Server thread/INFO]: [VoidGen] > {"biome":"the_void"}
[00:05:29] [Server thread/INFO]: [VoidGen] > 
[00:05:29] [Server thread/INFO]: [VoidGen] > ——————————————————————[ world ]——————————————————————
[00:05:29] [Server thread/INFO]: [VoidGen] 
[00:05:30] [Server thread/INFO]: Preparing start region for dimension minecraft:the_end
[00:05:30] [Server thread/INFO]: Preparing spawn area: 0%
[00:05:30] [Server thread/INFO]: Time elapsed: 182 ms
[00:05:30] [Server thread/INFO]: [WorldGuard] (world_the_end) TNT ignition is PERMITTED.
[00:05:30] [Server thread/INFO]: [WorldGuard] (world_the_end) Lighters are PERMITTED.
[00:05:30] [Server thread/INFO]: [WorldGuard] (world_the_end) Lava fire is PERMITTED.
[00:05:30] [Server thread/INFO]: [WorldGuard] (world_the_end) Fire spread is UNRESTRICTED.
[00:05:30] [Server thread/INFO]: [WorldGuard] Loaded configuration for world 'world_the_end'
[00:05:30] [Server thread/INFO]: Preparing start region for dimension minecraft:pvp
[00:05:30] [Server thread/INFO]: Time elapsed: 5 ms
[00:05:30] [Server thread/INFO]: [WorldGuard] (pvp) TNT ignition is PERMITTED.
[00:05:30] [Server thread/INFO]: [WorldGuard] (pvp) Lighters are PERMITTED.
[00:05:30] [Server thread/INFO]: [WorldGuard] (pvp) Lava fire is PERMITTED.
[00:05:30] [Server thread/INFO]: [WorldGuard] (pvp) Fire spread is UNRESTRICTED.
[00:05:30] [Server thread/INFO]: [WorldGuard] Loaded configuration for world 'pvp'
[00:05:30] [Server thread/INFO]: Could not set generator for world 'mina': Plugin '@error' does not exist
[00:05:30] [Server thread/INFO]: Preparing start region for dimension minecraft:mina
[00:05:30] [Server thread/INFO]: Time elapsed: 23 ms
[00:05:30] [Server thread/INFO]: [WorldGuard] (mina) TNT ignition is PERMITTED.
[00:05:30] [Server thread/INFO]: [WorldGuard] (mina) Lighters are PERMITTED.
[00:05:30] [Server thread/INFO]: [WorldGuard] (mina) Lava fire is PERMITTED.
[00:05:30] [Server thread/INFO]: [WorldGuard] (mina) Fire spread is UNRESTRICTED.
[00:05:30] [Server thread/INFO]: [WorldGuard] Loaded configuration for world 'mina'
[00:05:30] [Server thread/INFO]: Preparing start region for dimension minecraft:spawn
[00:05:30] [Server thread/INFO]: Preparing spawn area: 0%
[00:05:30] [Server thread/INFO]: Time elapsed: 347 ms
[00:05:30] [Server thread/INFO]: [WorldGuard] (Spawn) TNT ignition is PERMITTED.
[00:05:30] [Server thread/INFO]: [WorldGuard] (Spawn) Lighters are PERMITTED.
[00:05:30] [Server thread/INFO]: [WorldGuard] (Spawn) Lava fire is PERMITTED.
[00:05:30] [Server thread/INFO]: [WorldGuard] (Spawn) Fire spread is UNRESTRICTED.
[00:05:30] [Server thread/INFO]: [WorldGuard] Loaded configuration for world 'Spawn'
[00:05:31] [Server thread/INFO]: [PlaceholderAPI] Successfully registered internal expansion: multiverse-core [5.3.4]
[00:05:31] [Server thread/INFO]: [Multiverse-Core] API service loaded!
[00:05:31] [Server thread/INFO]: [Multiverse-Core] Version 5.3.4 (API v5.3) Enabled - By dumptruckman, Rigby, fernferret, lithium3141, main--, benwoo1110 and Zax71
[00:05:31] [Server thread/INFO]: [Multiverse-Core] Loving Multiverse-Core? Please consider supporting the project with a small donation: https://github.com/sponsors/Multiverse
[00:05:31] [Server thread/INFO]: [VoidGen] VoidGen hooked into Multiverse!
[00:05:31] [Server thread/INFO]: [Essentials] Enabling Essentials v2.22.0-dev+47-faa02b5
[00:05:31] [Server thread/ERROR]: [Essentials] You are running an unsupported server version!
[00:05:31] [Server thread/INFO]: [Essentials] Attempting to convert old kits in config.yml to new kits.yml
[00:05:31] [Server thread/INFO]: [Essentials] No kits found to migrate.
[00:05:32] [Server thread/INFO]: [Essentials] Selected Paper Tick Count Provider as the provider for TickCountProvider
[00:05:32] [Server thread/INFO]: [Essentials] Selected Reflection Formatted Command Alias Provider as the provider for FormattedCommandAliasProvider
[00:05:32] [Server thread/INFO]: [Essentials] Selected Paper Known Commands Provider as the provider for KnownCommandsProvider
[00:05:32] [Server thread/INFO]: [Essentials] Selected 1.17.1+ World Info Provider as the provider for WorldInfoProvider
[00:05:32] [Server thread/INFO]: [Essentials] Selected 1.13+ Spawn Egg Provider as the provider for SpawnEggProvider
[00:05:32] [Server thread/INFO]: [Essentials] Selected 1.21+ InventoryView Interface ABI Provider as the provider for InventoryViewProvider
[00:05:32] [Server thread/INFO]: [Essentials] Selected Paper Serialization Provider as the provider for SerializationProvider
[00:05:32] [Server thread/INFO]: [Essentials] Selected 1.12+ Spawner Block Provider as the provider for SpawnerBlockProvider
[00:05:32] [Server thread/INFO]: [Essentials] Selected 1.8.3+ Spawner Item Provider as the provider for SpawnerItemProvider
[00:05:32] [Server thread/INFO]: [Essentials] Selected 1.20.4+ Damage Event Provider as the provider for DamageEventProvider
[00:05:32] [Server thread/INFO]: [Essentials] Selected Paper Container Provider as the provider for ContainerProvider
[00:05:32] [Server thread/INFO]: [Essentials] Selected 1.14.4+ Persistent Data Container Provider as the provider for PersistentDataProvider
[00:05:32] [Server thread/INFO]: [Essentials] Selected Paper Material Tag Provider as the provider for MaterialTagProvider
[00:05:32] [Server thread/INFO]: [Essentials] Selected 1.14+ Sign Data Provider as the provider for SignDataProvider
[00:05:32] [Server thread/INFO]: [Essentials] Selected Reflection Online Mode Provider as the provider for OnlineModeProvider
[00:05:32] [Server thread/INFO]: [Essentials] Selected Paper Server State Provider as the provider for ServerStateProvider
[00:05:32] [Server thread/INFO]: [Essentials] Selected 1.20.6+ Potion Meta Provider as the provider for PotionMetaProvider
[00:05:32] [Server thread/INFO]: [Essentials] Selected Legacy Biome Name Provider as the provider for BiomeNameProvider
[00:05:32] [Server thread/INFO]: [Essentials] Selected 1.21.4+ Sync Commands Provider as the provider for SyncCommandsProvider
[00:05:32] [Server thread/INFO]: [Essentials] Selected 1.20.5+ Banner Data Provider as the provider for BannerDataProvider
[00:05:32] [Server thread/INFO]: [Essentials] Selected 1.11+ Item Unbreakable Provider as the provider for ItemUnbreakableProvider
[00:05:32] [Server thread/INFO]: [Essentials] Selected 1.12.2+ Player Locale Provider as the provider for PlayerLocaleProvider
[00:05:32] [Server thread/INFO]: [Essentials] Selected Paper Biome Key Provider as the provider for BiomeKeyProvider
[00:05:32] [Server thread/INFO]: [Essentials] Loaded 38132 items from items.json.
[00:05:32] [Server thread/INFO]: [Essentials] Using locale en
[00:05:32] [Server thread/INFO]: [Essentials] ServerListPingEvent: Spigot iterator API
[00:05:32] [Server thread/INFO]: [Essentials] Starting Metrics. Opt-out using the global bStats config.
[00:05:32] [Server thread/INFO]: [Vault] [Economy] Essentials Economy hooked.
[00:05:32] [Server thread/INFO]: [Essentials] Using Vault based permissions (LuckPerms)
[00:05:32] [Server thread/INFO]: [GriefPrevention] Enabling GriefPrevention v16.18.5
[00:05:33] [Server thread/INFO]: [GriefPrevention] Finished loading configuration.
[00:05:33] [Server thread/INFO]: [GriefPrevention] 0 total claims loaded.
[00:05:33] [Server thread/INFO]: [GriefPrevention] Customizable messages loaded.
[00:05:33] [Server thread/INFO]: [GriefPrevention] Successfully hooked into WorldGuard.
[00:05:33] [Server thread/INFO]: [GriefPrevention] Finished loading data (File Mode).
[00:05:33] [Server thread/INFO]: [GriefPrevention] Boot finished.
[00:05:33] [Server thread/INFO]: [Multiverse-Inventories] Enabling Multiverse-Inventories v5.2.2
[00:05:34] [Server thread/INFO]: [PlaceholderAPI] Successfully registered internal expansion: multiverse-inventories [5.2.2]
[00:05:34] [Server thread/INFO]: [Multiverse-Inventories] Loading player names map...
[00:05:34] [Server thread/INFO]: [Multiverse-Inventories] Version 5.2.2 (API v5.2) Enabled - By dumptruckman and benwoo1110
[00:05:34] [Server thread/INFO]: [DecentHolograms] Enabling DecentHolograms v2.9.9
[00:05:34] [Server thread/INFO]: [DecentHolograms] Initialized NMS adapter for v1_21_R5 (1.21.8).
[00:05:34] [Server thread/INFO]: [NBTAPI] [NBTAPI] Found Minecraft: 1.21.8! Trying to find NMS support
[00:05:34] [Server thread/INFO]: [NBTAPI] [NBTAPI] NMS support 'MC1_21_R5' loaded!
[00:05:34] [Server thread/INFO]: [NBTAPI] [NBTAPI] Using the plugin 'DecentHolograms' to create a bStats instance!
[00:05:34] [Server thread/INFO]: [DecentHolograms] NBT-API loaded successfully.
[00:05:34] [Server thread/INFO]: [TheAssistant] Enabling TheAssistant v4.0.2
[00:05:35] [Server thread/INFO]: New Version Format found: 1.21.8
[00:05:35] [Server thread/INFO]: [TheAssistant] Successfully recognized MC Version 1.21.8 mapped with version V1_21_R5
[00:05:35] [Server thread/INFO]: [TheAssistant] Successfully recognized Version V1_21_R5
[00:05:35] [Server thread/INFO]: New Version Format found: 1.21.8
[00:05:35] [Server thread/INFO]: [TheAssistant] Successfully recognized MC Version 1.21.8 mapped with version V1_21_R5
[00:05:35] [Server thread/INFO]: [TheAssistant] Successfully recognized Version V1_21_R5
[00:05:35] [Server thread/INFO]: [SilkSpawners] Enabling SilkSpawners v8.3.0
[00:05:35] [Server thread/INFO]: [SilkSpawners] WorldGuard was found and support is enabled
[00:05:35] [Server thread/INFO]: [SilkSpawners] Mimic was not found and support is disabled
[00:05:35] [Server thread/INFO]: [SilkSpawners] Loading support for v1_21_R5
[00:05:35] [Server thread/INFO]: [SilkSpawners] AutoUpdater is enabled and now running.
[00:05:35] [Server thread/INFO]: [SilkSpawners] BarAPI is disabled due to config setting.
[00:05:35] [Server thread/INFO]: [EssentialsChat] Enabling EssentialsChat v2.22.0-dev+47-faa02b5
[00:05:35] [Server thread/INFO]: [EssentialsChat] Starting Metrics. Opt-out using the global bStats config.
[00:05:35] [Server thread/INFO]: [Citizens] Enabling Citizens v2.0.41-SNAPSHOT (build 4021)
[00:05:35] [Server thread/INFO]: [Citizens] Loaded 2 templates.
[00:05:36] [Server thread/INFO]: [PlaceholderAPI] Successfully registered internal expansion: citizens [1.0.0]
[00:05:36] [Server thread/INFO]: [Citizens] Loaded economy handling via Vault.
[00:05:36] [Server thread/INFO]: [TheSkills] Enabling TheSkills v3.70.0
[00:05:36] [Server thread/ERROR]: [TheAssistant] [STDERR] Loading class `com.mysql.jdbc.Driver'. This is deprecated. The new driver class is `com.mysql.cj.jdbc.Driver'. The driver is automatically registered via the SPI and manual loading of the driver class is generally unnecessary.
[00:05:36] [Server thread/WARN]: Nag author(s): '[QualityPlus]' of 'TheAssistant v4.0.2' about their usage of System.out/err.print. Please use your plugin's logger instead (JavaPlugin#getLogger).
[00:05:36] [Server thread/ERROR]: [TheAssistant] [STDERR] SLF4J: No SLF4J providers were found.
[00:05:36] [Server thread/ERROR]: [TheAssistant] [STDERR] SLF4J: Defaulting to no-operation (NOP) logger implementation
[00:05:36] [Server thread/ERROR]: [TheAssistant] [STDERR] SLF4J: See https://www.slf4j.org/codes.html#noProviders for further details.
[00:05:37] [Server thread/INFO]: [EconomyShopGUI] Enabling EconomyShopGUI v6.16.2
[00:05:37] [Server thread/INFO]: [EconomyShopGUI] [INFO]: Initializing paper meta...
[00:05:37] [Server thread/INFO]: [EconomyShopGUI] [INFO]: Using lang-en.yml as language file
[00:05:37] [Server thread/INFO]: [EconomyShopGUI] [INFO]: Completed loading 16 section configs from /sections/
[00:05:37] [Server thread/INFO]: [EconomyShopGUI] [INFO]: Completed loading 16 shop configs from /shops/
[00:05:37] [Server thread/INFO]: [EconomyShopGUI] [INFO]: Updating Shop settings...
[00:05:37] [Server thread/INFO]: [EconomyShopGUI] [INFO]: Successfully hooked into Vault and using EssentialsX Economy as economy provider
[00:05:37] [Server thread/INFO]: [EconomyShopGUI] [INFO]: Completed loading 1 economy provider(s) for all 14 shop sections.
[00:05:37] [Server thread/INFO]: [EconomyShopGUI] [INFO]: Using minecraft version 1.21.8...
[00:05:37] [Server thread/INFO]: [EconomyShopGUI] [INFO]: Spawner provider set to DISABLED in config
[00:05:37] [Server thread/INFO]: [EconomyShopGUI] [INFO]: Spawner provider disabled in config, disabling...
[00:05:37] [Server thread/INFO]: [PlaceholderAPI] Successfully registered internal expansion: esgui [1.1.0]
[00:05:37] [Server thread/INFO]: [EconomyShopGUI] [INFO]: Debug mode is enabled.
[00:05:37] [Server thread/INFO]: [EconomyShopGUI] [INFO]: Loading all items...
[00:05:37] [Server thread/INFO]: [EconomyShopGUI] [DEBUG]: Incompatible component tag for current minecraft version: Did you mean 'repair_cost' instead of 'RepairCost'?
Please change the value manually in config to get rid of this message
[00:05:37] [Server thread/INFO]: [EconomyShopGUI] [WARN]: Item path in config.yml: sold-items-ignored-NBTtags
[00:05:37] [Server thread/INFO]: [EconomyShopGUI] [WARN]: Failed to find fill item inside config.yml
[00:05:37] [Server thread/INFO]: [EconomyShopGUI] [DEBUG]: Item path in config.yml: main-menu.fill-item
[00:05:37] [Server thread/INFO]: [EconomyShopGUI] [INFO]: Initialized - Took 797ms to complete
[00:05:37] [Server thread/INFO]: [WorldGuardExtraFlags] Enabling WorldGuardExtraFlags v4.2.4-SNAPSHOT
[00:05:37] [Server thread/INFO]: [WorldGuard] Registering session handler net.goldtreeservers.worldguardextraflags.wg.handlers.TeleportOnEntryFlagHandler
[00:05:37] [Server thread/INFO]: [WorldGuard] Registering session handler net.goldtreeservers.worldguardextraflags.wg.handlers.TeleportOnExitFlagHandler
[00:05:37] [Server thread/INFO]: [WorldGuard] Registering session handler net.goldtreeservers.worldguardextraflags.wg.handlers.WalkSpeedFlagHandler
[00:05:37] [Server thread/INFO]: [WorldGuard] Registering session handler net.goldtreeservers.worldguardextraflags.wg.handlers.FlySpeedFlagHandler
[00:05:37] [Server thread/INFO]: [WorldGuard] Registering session handler net.goldtreeservers.worldguardextraflags.wg.handlers.FlyFlagHandler
[00:05:37] [Server thread/INFO]: [WorldGuard] Registering session handler net.goldtreeservers.worldguardextraflags.wg.handlers.GlideFlagHandler
[00:05:37] [Server thread/INFO]: [WorldGuard] Registering session handler net.goldtreeservers.worldguardextraflags.wg.handlers.GodmodeFlagHandler
[00:05:37] [Server thread/INFO]: [WorldGuard] Registering session handler net.goldtreeservers.worldguardextraflags.wg.handlers.PlaySoundsFlagHandler
[00:05:37] [Server thread/INFO]: [WorldGuard] Registering session handler net.goldtreeservers.worldguardextraflags.wg.handlers.BlockedEffectsFlagHandler
[00:05:37] [Server thread/INFO]: [WorldGuard] Registering session handler net.goldtreeservers.worldguardextraflags.wg.handlers.GiveEffectsFlagHandler
[00:05:37] [Server thread/INFO]: [WorldGuard] Registering session handler net.goldtreeservers.worldguardextraflags.wg.handlers.CommandOnEntryFlagHandler
[00:05:37] [Server thread/INFO]: [WorldGuard] Registering session handler net.goldtreeservers.worldguardextraflags.wg.handlers.CommandOnExitFlagHandler
[00:05:37] [Server thread/INFO]: [WorldGuard] Registering session handler net.goldtreeservers.worldguardextraflags.wg.handlers.ConsoleCommandOnEntryFlagHandler
[00:05:37] [Server thread/INFO]: [WorldGuard] Registering session handler net.goldtreeservers.worldguardextraflags.wg.handlers.ConsoleCommandOnExitFlagHandler
[00:05:37] [Server thread/INFO]: [CoreProtect] Enabling CoreProtect v23.0
[00:05:38] [Server thread/INFO]: [CoreProtect] CoreProtect Community Edition has been successfully enabled! 
[00:05:38] [Server thread/INFO]: [CoreProtect] Using SQLite for data storage.
[00:05:38] [Server thread/INFO]: --------------------
[00:05:38] [Server thread/INFO]: [CoreProtect] Enjoy CoreProtect? Join our Discord!
[00:05:38] [Server thread/INFO]: [CoreProtect] Discord: www.coreprotect.net/discord/
[00:05:38] [Server thread/INFO]: --------------------
[00:05:38] [Server thread/INFO]: [BrunoCore] Enabling BrunoCore v1.0
[00:05:38] [Server thread/INFO]: [BrunoCore] --- Iniciando BrunoCore ---
[00:05:38] [Server thread/INFO]: [BrunoCore] ¡BrunoCore cargado correctamente!
[00:05:38] [Server thread/INFO]: [TempFly] Enabling TempFly v3.1.7
[00:05:38] [Server thread/INFO]: [TempFly] Initializing ClipAPI
[00:05:38] [Server thread/INFO]: [PlaceholderAPI] Successfully registered internal expansion: tempfly [3.1.7]
[00:05:38] [Server thread/INFO]: [LiteFish] Enabling LiteFish v5.0.6
[00:05:38] [Server thread/INFO]: [LiteFish] [STDOUT] [Spigotunlocked.com] - COSMO
[00:05:38] [Server thread/WARN]: Nag author(s): '[]' of 'LiteFish v5.0.6' about their usage of System.out/err.print. Please use your plugin's logger instead (JavaPlugin#getLogger).
[00:05:38] [Server thread/INFO]: [LiteFish] Languages loaded successfully: [English]
[00:05:38] [Server thread/INFO]: [LiteFish] GUI loaded successfully: [catalog_type, global_icons, catalog_menu, shop, catalog_category]
[00:05:38] [Server thread/INFO]: [LiteFish] Animations loaded successfully: [bait_insert, catch_fountain]
[00:05:38] [Server thread/INFO]: [LiteFish] Minigames loaded successfully: [dot_style, dot_style_lava, fishing_main, dot_style_void]
[00:05:38] [Server thread/INFO]: [PlaceholderAPI] Successfully registered internal expansion: lfish [1.0]
[00:05:38] [Server thread/INFO]: [ForcePack] Enabling ForcePack v1.3.74-SNAPSHOT
[00:05:38] [Server thread/INFO]: [ForcePack] Generated en_gb.yml
[00:05:38] [Server thread/INFO]: [ForcePack] Generated es_es.yml
[00:05:38] [Server thread/INFO]: [ForcePack] Generated zh_cn.yml
[00:05:38] [Server thread/INFO]: [ForcePack] Generated zh_tw.yml
[00:05:39] [Server thread/INFO]: [ForcePack] Performing version size check...
[00:05:39] [Server thread/INFO]: 1.8-1.15 (50 MB): Supported.
[00:05:39] [Server thread/INFO]: 1.16-1.17 (100 MB): Supported.
[00:05:39] [Server thread/INFO]: 1.18+ (250 MB): Supported.
[00:05:39] [Server thread/INFO]: Hash verification complete.
[00:05:39] [Server thread/INFO]: [ForcePack] Generated resource pack (https://download.mc-packs.net/pack/ee1fd9333eec2437e60e9793fb43555e2d83a934.zip#ee1fd9333eec2437e60e9793fb43555e2d83a934) for version all with id f6b45ed3-f488-3170-ad8e-6447059a23ae
[00:05:39] [Server thread/INFO]: [ForcePack] Completed loading resource packs.
[00:05:39] [Server thread/INFO]: [TheAuction] Enabling TheAuction v3.70.0
[00:05:39] [Server thread/INFO]: [ChatColor2] Enabling ChatColor2 v1.13.1
[00:05:39] [Server thread/INFO]: Chat Color | ChatColor 2 Version 1.13.1 has been enabled.
[00:05:39] [Server thread/INFO]: Chat Color | Current update: Gradient colours & GUI tweaks
[00:05:39] [Server thread/INFO]: [PlaceholderAPI] Successfully registered internal expansion: cc [1.13.1]
[00:05:39] [Server thread/INFO]: Chat Color | PlaceholderAPI has been hooked.
[00:05:39] [Server thread/INFO]: Chat Color | Metrics is enabled for this plugin. Stats sent to https://bstats.org/plugin/bukkit/ChatColor2
[00:05:39] [Server thread/INFO]: [CMILib] Enabling CMILib v1.5.7.5
[00:05:40] [Server thread/INFO]: Server version: v1_21_R5 - 1.21.8 - paper  1.21.8-6-782ce95 (MC: 1.21.8)
[00:05:40] [Server thread/INFO]: [PlaceholderAPI] Successfully registered internal expansion: cmil [1.5.7.5]
[00:05:40] [Server thread/INFO]: PlaceholderAPI hooked.
[00:05:40] [Server thread/INFO]: Updated (EN) language file. Took 27ms
[00:05:40] [Server thread/INFO]: [DeluxeMenus] Enabling DeluxeMenus v1.14.1-Release
[00:05:40] [Server thread/INFO]: [DeluxeMenus] Successfully hooked into PlaceholderAPI!
[00:05:41] [Server thread/INFO]: [DeluxeMenus] Successfully hooked into Vault!
[00:05:41] [Server thread/WARN]: [DeluxeMenus] Found 'data' option for item: 3_unlocked in menu: perks. This option is deprecated and will be removed soon. Please use 'damage' instead.
[00:05:41] [Server thread/INFO]: [DeluxeMenus] 22 GUI menus loaded!
[00:05:41] [Server thread/INFO]: [PlaceholderAPI] Successfully registered internal expansion: deluxemenus [1.14.1-Release]
[00:05:41] [Server thread/INFO]: [DeluxeMenus] You are running the latest version of DeluxeMenus!
[00:05:41] [Server thread/INFO]: [CitizensCMD] Enabling CitizensCMD v2.7.2
[00:05:41] [Server thread/INFO]: [CitizensCMD] CitizensCMD 2.7.2
[00:05:41] [Server thread/INFO]: [CitizensCMD] by Mateus Moreira @LichtHund & Maintained by HexedHero
[00:05:41] [Server thread/INFO]: [CitizensCMD] Using English messages!
[00:05:41] [Server thread/INFO]: [CitizensCMD] Using PlaceholderAPI!
[00:05:41] [Server thread/INFO]: [CitizensCMD] Using Vault!
[00:05:41] [Server thread/INFO]: [BlockParticles] Enabling BlockParticles v1.12
[00:05:41] [Server thread/INFO]: [BlockParticles] Loading the config.yml
[00:05:41] [Server thread/INFO]: [BlockParticles] Successfully loaded config.yml
[00:05:41] [Server thread/INFO]: [BlockParticles] Loading the data.yml
[00:05:41] [Server thread/INFO]: [BlockParticles] Successfully loaded data.yml
[00:05:41] [Server thread/INFO]: [ExcellentCrates] Enabling ExcellentCrates v6.6.1
[00:05:41] [Server thread/INFO]: [ExcellentCrates] Powered by nightcore
[00:05:41] [Server thread/INFO]: [com.zaxxer.hikari.HikariDataSource] ExcellentCratesPool - Starting...
[00:05:41] [Server thread/INFO]: [com.zaxxer.hikari.pool.HikariPool] ExcellentCratesPool - Added connection org.sqlite.jdbc4.JDBC4Connection@2f985d4c
[00:05:41] [Server thread/INFO]: [com.zaxxer.hikari.HikariDataSource] ExcellentCratesPool - Start completed.
[00:05:41] [Server thread/INFO]: [ExcellentCrates] Loaded 0 crate openings.
[00:05:41] [Server thread/INFO]: [ExcellentCrates] Loaded 5 crate keys.
[00:05:41] [Server thread/INFO]: [ExcellentCrates] Loaded 1 rarities!
[00:05:42] [Server thread/INFO]: [ExcellentCrates] Loaded 5 crates.
[00:05:42] [Server thread/INFO]: [PlaceholderAPI] Successfully registered internal expansion: excellentcrates [6.6.1]
[00:05:42] [Server thread/INFO]: [ExcellentCrates] Plugin loaded in 961 ms!
[00:05:42] [Server thread/INFO]: [StaffPlusPlus] Enabling StaffPlusPlus v1.21.17
[00:05:46] [Server thread/INFO]: [StaffPlusPlus] Using SQLITE storage
[00:05:46] [Server thread/INFO]: [StaffPlusPlus] Vault found. Permissions will be handled by Vault
[00:05:46] [Server thread/INFO]: [StaffPlusPlus] Hooked into PlaceholderAPI 2.11.7
[00:05:46] [Server thread/INFO]: [StaffPlusPlus] No styles directory present
[00:05:46] [Server thread/INFO]: [StaffPlusPlus] Hooked into PlaceholderAPI 2.11.7
[00:05:46] [Server thread/INFO]: [StaffPlusPlus] Luckperms enabled
[00:05:46] [Server thread/INFO]: [StaffPlusPlus] Registering 'StaffMode' calculator.
[00:05:46] [Server thread/INFO]: [StaffPlusPlus] Registering 'Frozen' calculator.
[00:05:46] [Server thread/INFO]: [StaffPlusPlus] Registering 'Vanished' calculator.
[00:05:46] [Server thread/INFO]: [StaffPlusPlus] Staff++ has been enabled!
[00:05:46] [Server thread/INFO]: [StaffPlusPlus] Plugin created by Shortninja continued by Qball - Revisited by Garagepoort
[00:05:46] [Server thread/INFO]: [AdvancedBan] Enabling AdvancedBan v2.3.0
[00:05:46] [Server thread/INFO]: [me.leoko.advancedban.shaded.com.zaxxer.hikari.HikariDataSource] HikariPool-1 - Starting...
[00:05:47] [Server thread/INFO]: [me.leoko.advancedban.shaded.com.zaxxer.hikari.pool.PoolBase] HikariPool-1 - Driver does not support get/set network timeout for connections. (feature not supported)
[00:05:47] [Server thread/INFO]: [me.leoko.advancedban.shaded.com.zaxxer.hikari.HikariDataSource] HikariPool-1 - Start completed.
[00:05:47] [Server thread/INFO]: [AdvancedBan] [STDOUT] AdvancedBan >> Failed to register command ipban
[00:05:47] [Server thread/WARN]: Nag author(s): '[Leoko]' of 'AdvancedBan v2.3.0' about their usage of System.out/err.print. Please use your plugin's logger instead (JavaPlugin#getLogger).
[00:05:47] [Server thread/INFO]: [AdvancedBan] [STDOUT] AdvancedBan >> Failed to register command tempmute
[00:05:47] [Server thread/INFO]: [AdvancedBan] [STDOUT] AdvancedBan >> Failed to register command warn
[00:05:47] [Server thread/INFO]: [AdvancedBan] [STDOUT] AdvancedBan >> Failed to register command note
[00:05:47] [Server thread/INFO]: [AdvancedBan] [STDOUT] AdvancedBan >> Failed to register command unmute
[00:05:47] [Server thread/INFO]: [AdvancedBan] [STDOUT] AdvancedBan >> Failed to register command warns
[00:05:47] [Server thread/INFO]: [AdvancedBan] [STDOUT] AdvancedBan >> Failed to register command notes
[00:05:47] [Server thread/INFO]: 
 
[]=====[Enabling AdvancedBan]=====[]
| Information:
|   Name: AdvancedBan
|   Developer: Leoko
|   Version: 2.3.0
|   Storage: HSQLDB (local)
| Support:
|   Github: https://github.com/DevLeoko/AdvancedBan/issues
|   Discord: https://discord.gg/ycDG6rS
| Twitter: @LeokoGar
| Update:
|   You have the newest version
[]================================[]
 
[00:05:47] [Server thread/INFO]: [ItemEdit] Enabling ItemEdit v3.7.7
[00:05:47] [Server thread/INFO]: [ItemEdit] Hooking into MiniMessageAPI see https://webui.advntr.dev/
[00:05:47] [Server thread/INFO]: [ItemEdit] Selected Storage Type: YAML
[00:05:47] [Server thread/INFO]: [ItemEdit] Hooking into Vault
[00:05:47] [Server thread/INFO]: [ItemEdit] Hooking into PlaceHolderAPI
[00:05:47] [Server thread/INFO]: [ItemEdit] placeholders:
[00:05:47] [Server thread/INFO]: [ItemEdit]   %itemedit_amount_<{itemid}>_[{slot}]_[{player}]%
[00:05:47] [Server thread/INFO]: [ItemEdit]     shows how many itemid player has on slot
[00:05:47] [Server thread/INFO]: [ItemEdit]     <{itemid}> for item id on serveritem
[00:05:47] [Server thread/INFO]: [ItemEdit]     [{slot}] for the slot where the item should be counted, by default inventory
[00:05:47] [Server thread/INFO]: [ItemEdit]       Values: inventory (include offhand), equip (include offhand), inventoryandequip (include offhand), hand, offhand, head, chest, legs, feet
[00:05:47] [Server thread/INFO]: [ItemEdit]     [{player}] for the player, by default self
[00:05:47] [Server thread/INFO]: [ItemEdit]     example: %itemedit_amount_{my_item_id}_{hand}%
[00:05:47] [Server thread/INFO]: [PlaceholderAPI] Successfully registered internal expansion: itemedit [1.0]
[00:05:47] [Server thread/INFO]: [ItemEdit] # Enabled (took 118 ms)
[00:05:47] [Server thread/INFO]: [TogglePvp] Enabling TogglePvp v8.1
[00:05:47] [Server thread/INFO]: [TogglePvp] Registering PlaceholderAPI Expansions
[00:05:47] [Server thread/INFO]: [PlaceholderAPI] Successfully registered internal expansion: togglepvp [1.0.0]
[00:05:47] [Server thread/INFO]: [TogglePvp] WorldGuard support loaded.
[00:05:47] [Server thread/INFO]: [TogglePvp] Enabled TogglePvp
[00:05:47] [Server thread/INFO]: [ThePets] Enabling ThePets v3.70.0
[00:05:47] [Server thread/INFO]: [ThePets] TheSkills Plugin hook created for stats!
[00:05:47] [Server thread/INFO]: [ThePets] Plugin has loaded 25 Pets from database!
[00:05:47] [Server thread/INFO]: [EssentialsSpawn] Enabling EssentialsSpawn v2.22.0-dev+47-faa02b5
[00:05:47] [Server thread/INFO]: [EssentialsSpawn] Starting Metrics. Opt-out using the global bStats config.
[00:05:47] [Server thread/INFO]: [SimpleRename] Enabling SimpleRename v13.9
[00:05:47] [Server thread/INFO]: SimpleRename enabled!
[00:05:47] [Server thread/INFO]: [ajLeaderboards] Enabling ajLeaderboards v2.10.1
[00:05:48] [Server thread/INFO]: [ajLeaderboards] Using H2 flatfile for board cache. (h2)
[00:05:48] [Server thread/INFO]: [ajLeaderboards] Loaded 7 boards
[00:05:48] [Server thread/INFO]: [PlaceholderAPI] Successfully registered internal expansion: ajlb [2.10.1]
[00:05:48] [Server thread/INFO]: [ajLeaderboards] PAPI placeholders successfully registered!
[00:05:48] [Server thread/INFO]: [ajLeaderboards] ajLeaderboards v2.10.1 by ajgeiss0702 enabled!
[00:05:48] [Server thread/INFO]: [BetterRTP] Enabling BetterRTP v3.6.13
[00:05:48] [Server thread/INFO]: [BetterRTP] Cooldown = 300
[00:05:48] [Server thread/INFO]: [PlaceholderAPI] Successfully registered internal expansion: betterrtp [3.6.13]
[00:05:48] [Server thread/INFO]: [TAB] Enabling TAB v5.4.0
[00:05:48] [Server thread/INFO]: [TAB] Enabled in 176ms
[00:05:48] [Server thread/INFO]: [KitPreview] Enabling KitPreview v2.4
[00:05:48] [Server thread/INFO]: [KitPreview] You config/lang is updating!
[00:05:48] [Server thread/INFO]: [EzChat] Enabling EzChat v3.1.0
[00:05:48] [Server thread/INFO]: [EzChat] Registering chat listener for priority NORMAL
[00:05:48] [Server thread/INFO]: [EzChat] Paper was detected, using Paper's chat event.
[00:05:48] [Server thread/INFO]: [DeluxeTags] Enabling DeluxeTags v1.8.2-Release
[00:05:48] [Server thread/INFO]: [DeluxeTags] Using standard hex colors format: #aaFF00
[00:05:48] [Server thread/INFO]: [DeluxeTags] 18 tags loaded
[00:05:48] [Server thread/INFO]: [DeluxeTags] Loading DeluxeTags messages.yml
[00:05:49] [Server thread/INFO]: [DeluxeTags] PAPI Chat enabled. This means your chat plugin will use placeholders to fetch the tags!
[00:05:49] [Server thread/INFO]: [PlaceholderAPI] Successfully registered internal expansion: deluxetags [1.8.2-Release]
[00:05:49] [Server thread/INFO]: [DeluxeTags] ----------------------------
[00:05:49] [Server thread/INFO]: [DeluxeTags]      DeluxeTags Updater
[00:05:49] [Server thread/INFO]: [DeluxeTags]  
[00:05:49] [Server thread/INFO]: [DeluxeTags] You are running 1.8.2-Release
[00:05:49] [Server thread/INFO]: [DeluxeTags] The latest version
[00:05:49] [Server thread/INFO]: [DeluxeTags] of DeluxeTags!
[00:05:49] [Server thread/INFO]: [DeluxeTags]  
[00:05:49] [Server thread/INFO]: [DeluxeTags] ----------------------------
[00:05:49] [Server thread/INFO]: [AxSellwands] Enabling AxSellwands v1.11.1
[00:05:49] [Server thread/INFO]: [AxSellwands] Hooked into Vault!
[00:05:49] [Server thread/INFO]: [AxSellwands] Using builtin prices!
[00:05:49] [Server thread/INFO]: [PlaceholderAPI] Successfully registered internal expansion: axsellwands [1.0.0]
[00:05:49] [Server thread/INFO]: [AxSellwands] Hooked into WorldGuard!
[00:05:49] [Server thread/INFO]: [AxSellwands] Hooked into GriefPrevention!
[00:05:49] [Server thread/INFO]: [AxSellwands] Loaded plugin!
[00:05:49] [Server thread/INFO]: [AdvancedEnchantments] Enabling AdvancedEnchantments v9.22.5
[00:05:49] [Server thread/INFO]: [AdvancedEnchantments] Loading Minecraft Version MC1_21_R5
[00:05:49] [Server thread/INFO]: [AdvancedEnchantments] Loaded 7 armor sets.
[00:05:49] [Server thread/INFO]: [AdvancedEnchantments] Loaded 5 weapons.
[00:05:49] [Server thread/WARN]: [org.bukkit.craftbukkit.legacy.CraftLegacy] Initializing Legacy Material Support. Unless you have legacy plugins and/or data this is a bug!
[00:05:50] [pool-79-thread-1/INFO]: [ajLeaderboards] You are up to date! (2.10.1)
[00:05:58] [Server thread/INFO]: [AdvancedEnchantments] Successfully hooked into economy plugin (Vault)
[00:05:58] [Server thread/INFO]: [PlaceholderAPI] Successfully registered internal expansion: advancedenchantments [1.0.0]
[00:05:58] [Server thread/INFO]: [AdvancedRenamer] Enabling AdvancedRenamer v1.1
[00:05:58] [Server thread/INFO]: --------------------------------- 
[00:05:58] [Server thread/INFO]: Advanced item renamer by Potassio
[00:05:58] [Server thread/INFO]: ----------------------------------
[00:05:58] [Server thread/INFO]: [QuickShop-Hikari] Enabling QuickShop-Hikari v6.2.0.10
[00:05:58] [Server thread/INFO]: [QuickShop-Hikari/Bootstrap] QuickShop-Hikari - Bootstrap -> Execute the enable sequence
[00:05:58] [Server thread/INFO]: [QuickShop-Hikari] QuickShop Hikari
[00:05:58] [Server thread/INFO]: [QuickShop-Hikari] Registering Bukkit Service: com.ghostchu.quickshop.api.QuickShopProvider
[00:05:58] [Server thread/INFO]: [QuickShop-Hikari] Starting plugin self-test, please wait...
[00:05:58] [Server thread/INFO]: [QuickShop-Hikari] [OK] Spigot Based Server Test
[00:05:58] [Server thread/INFO]: [QuickShop-Hikari] [OK] Old QuickShop Test
[00:05:58] [Server thread/INFO]: [QuickShop-Hikari] [OK] ModdedServer Based Test
[00:05:58] [Server thread/INFO]: [QuickShop-Hikari] [OK] ModdedServer Database Driver Test
[00:05:58] [Server thread/INFO]: [QuickShop-Hikari] [OK] CoreSupport Test
[00:05:58] [Server thread/INFO]: [QuickShop-Hikari] [OK] Virtual DisplayItem Support Test
[00:05:58] [Server thread/INFO]: [QuickShop-Hikari] [OK] ProtocolLib Incorrect Locate Test
[00:05:58] [Server thread/INFO]: [QuickShop-Hikari] [OK] GameVersion supporting Test
[00:05:58] [Server thread/INFO]: [QuickShop-Hikari] [OK] Permission Manager Test
[00:05:58] [Server thread/INFO]: [QuickShop-Hikari] [OK] PacketListenerAPI Conflict Test
[00:05:58] [Server thread/INFO]: [QuickShop-Hikari] [OK] Reremake Test
[00:05:58] [Server thread/INFO]: [QuickShop-Hikari] [OK] EcoEnchants V11 Check
[00:05:58] [Server thread/INFO]: [QuickShop-Hikari] [OK] End of life Test
[00:05:58] [Server thread/INFO]: [QuickShop-Hikari] Reading the configuration...
[00:05:58] [Server thread/INFO]: [QuickShop-Hikari] [ConfigUpdater] Saving configuration changes...
[00:05:58] [Server thread/INFO]: [QuickShop-Hikari] Contributors: Ghost_chu, PotatoCraft Studio, Netherfoam, Timtower, KaiNoMood (KaiKikuchi), sandtechnology, jho5245, cakoyo, Andre601, Ectabro, Chris6ix, portlek, log4b0at, deadman96385, tiararinne, DoctaEnkoda, CarmJos, YuanYuanOwO, Mgazul, mart-r, Tim269, raphtaliapt, creatorfromhell, LoneDev6, Steven-OS, confuxeon, ibmibmibm, judgetread, mfnalex, Warriorrrr, PyvesB, yannicklamprecht, ORelio, RMSCA, Starmism, yiwenwang2090, PaulBGD, Nlkomaru, harry0198, Draesia, Localized community members on Crowdin
[00:05:58] [Server thread/INFO]: [QuickShop-Hikari] Original author: Netherfoam, Timtower, KaiNoMood, sandtechnology
[00:05:58] [Server thread/INFO]: [QuickShop-Hikari] Let's start loading the plugin
[00:05:58] [Server thread/INFO]: [QuickShop-Hikari] Setting up ItemExpressionRegistry...
[00:05:58] [Server thread/INFO]: [QuickShop-Hikari] Using Virtual Displays. Attempting to initialize packet factory...
[00:05:58] [Server thread/INFO]: [QuickShop-Hikari] Setting up database...
[00:05:59] [Server thread/INFO]: [QuickShop-Hikari] Create database backup...
[00:05:59] [Server thread/INFO]: [cc.carm.lib.easysql.hikari.HikariDataSource] HikariPool-1 - Starting...
[00:05:59] [Server thread/INFO]: [cc.carm.lib.easysql.hikari.HikariDataSource] HikariPool-1 - Start completed.
[00:05:59] [Server thread/INFO]: [QuickShop-Hikari] Checking and updating database columns, it may take a while...
[00:05:59] [Server thread/INFO]: [QuickShop-Hikari] Database upgrade script running... Current Database Version: 19
[00:05:59] [Server thread/INFO]: [QuickShop-Hikari] Finished!
[00:05:59] [Server thread/INFO]: [QuickShop-Hikari] Selected permission provider: Bukkit
[00:05:59] [Server thread/INFO]: [QuickShop-Hikari] Registering commands...
[00:05:59] [Server thread/INFO]: [QuickShop-Hikari] Loaded 1 rules for listener blacklist.
[00:05:59] [Server thread/INFO]: [QuickShop-Hikari] EventManager selected: QSEventManager
[00:05:59] [Server thread/INFO]: [QuickShop-Hikari] Loading shops from database...
[00:05:59] [Server thread/INFO]: [QuickShop-Hikari] Used 2ms to fetch 0 shops from database.
[00:05:59] [Server thread/INFO]: [QuickShop-Hikari] Loading shops into memory...
[00:05:59] [Server thread/INFO]: [QuickShop-Hikari] Used 0ms to load 0 shops into memory (0 shops will be loaded after chunks/world loaded).
[00:05:59] [Server thread/INFO]: [QuickShop-Hikari] Registering listeners...
[00:05:59] [Server thread/INFO]: [QuickShop-Hikari] Cleaning MsgUtils...
[00:05:59] [Server thread/INFO]: [QuickShop-Hikari] Cleaning purchase messages from the database that are over a week old...
[00:05:59] [Server thread/INFO]: [QuickShop-Hikari] Log actions is enabled. Actions will be logged in the qs.log file!
[00:05:59] [Server thread/INFO]: [QuickShop-Hikari] [Shop Purger] Purge not enabled!
[00:05:59] [Server thread/INFO]: [PlaceholderAPI] Successfully registered internal expansion: qs [6.2.0.10]
[00:05:59] [Server thread/INFO]: [QuickShop-Hikari] Successfully loaded PlaceHolderAPI support!
[00:05:59] [Server thread/INFO]: [QuickShop-Hikari] [OK] Virtual DisplayItem Support Test
[00:05:59] [Server thread/INFO]: [QuickShop-Hikari/Bootstrap] QuickShop-Hikari - Bootstrap -> All Complete. (514ms)
[00:05:59] [Server thread/INFO]: [ConditionalEvents] Enabling ConditionalEvents v4.72.2
[00:05:59] [Server thread/INFO]: [PlaceholderAPI] Successfully registered internal expansion: conditionalevents [4.72.2]
[00:05:59] [Server thread/INFO]: [ConditionalEvents] Has been enabled! Version: 4.72.2
[00:05:59] [Server thread/INFO]: [ConditionalEvents] Thanks for using my plugin!   ~Ajneb97
[00:05:59] [Server thread/INFO]: [spark] Starting background profiler...
[00:06:00] [Server thread/WARN]: Could not register alias server because it contains commands that do not exist: bs:server $1-$*
[00:06:00] [Server thread/INFO]: [PlaceholderAPI] Placeholder expansion registration initializing...
[00:06:00] [Server thread/INFO]: Done preparing level "world" (34.787s)
[00:06:00] [Server thread/INFO]: Running delayed init tasks
[00:06:00] [Server thread/INFO]: [CoinsEngine] Available balance data migration from Vault.
[00:06:00] [Server thread/INFO]: [Essentials] Essentials found a compatible payment resolution method: Vault Compatibility Layer (v1.7.3-b131)!
[00:06:00] [Craft Scheduler Thread - 9 - DecentHolograms/INFO]: [DecentHolograms] Loading holograms... 
[00:06:00] [Craft Scheduler Thread - 6 - ViaVersion/INFO]: [ViaVersion] Finished mapping loading, shutting down loader executor.
[00:06:00] [Craft Scheduler Thread - 7 - Essentials/INFO]: [Essentials] Fetching version information...
[00:06:00] [Craft Scheduler Thread - 14 - TheAssistant/INFO]: [TheAssistant] Successfully hooked into PlaceholderAPI!
[00:06:00] [Craft Scheduler Thread - 11 - QuickShop-Hikari/INFO]: [QuickShop-Hikari] Start to caching usernames (async)...
[00:06:00] [Craft Scheduler Thread - 14 - TheAssistant/INFO]: [TheAssistant] Successfully hooked into Vault!
[00:06:00] [Craft Scheduler Thread - 14 - TheAssistant/INFO]: [TheAssistant] Successfully hooked into World Guard 7!
[00:06:00] [Craft Scheduler Thread - 14 - TheAssistant/INFO]: [TheAssistant] Successfully hooked into World Edit 7!
[00:06:00] [Craft Scheduler Thread - 14 - TheAssistant/INFO]: [TheAssistant] Successfully hooked into Citizens!
[00:06:00] [Craft Scheduler Thread - 28 - Vault/INFO]: [Vault] Checking for Updates ... 
[00:06:00] [Craft Scheduler Thread - 4 - TheAssistant/INFO]: [TheAssistant] Successfully loaded Database Drivers
[00:06:00] [Craft Scheduler Thread - 14 - TheAuction/INFO]: [TheAuction] Loaded 0 Auctions!
[00:06:00] [Server thread/INFO]: [SilkSpawners] Result from AutoUpdater is: NO_UPDATE
[00:06:00] [Server thread/INFO]: [CoreProtect] WorldEdit logging successfully initialized.
[00:06:00] [Craft Scheduler Thread - 7 - Essentials/WARN]: [Essentials] You're 1 EssentialsX dev build(s) out of date!
[00:06:00] [Craft Scheduler Thread - 7 - Essentials/WARN]: [Essentials] Download it here: https://essentialsx.net/downloads.html
[00:06:00] [Craft Scheduler Thread - 21 - ItemEdit/INFO]: [ItemEdit] NEW UPDATE (3.7.7 -> 3.7.8) available at https://modrinth.com/plugin/itemedit/version/latest
[00:06:00] [Craft Scheduler Thread - 28 - Vault/INFO]: [Vault] No new version available
[00:06:00] [Craft Scheduler Thread - 9 - DecentHolograms/INFO]: [DecentHolograms] Loaded 44 holograms!
[00:06:00] [Server thread/INFO]: [Citizens] Loaded 41 NPCs.
[00:06:00] [Server thread/INFO]: [ThePets] Registered 2 Pet Categories!
[00:06:00] [Server thread/INFO]: [ThePets] Successfully loaded custom pet with id slime!
[00:06:00] [Server thread/INFO]: [ThePets] Successfully loaded custom pet with id monkey!
[00:06:00] [Server thread/INFO]: [ThePets] Successfully loaded custom pet with id bee!
[00:06:00] [Server thread/INFO]: [ThePets] Successfully loaded custom pet with id chicken!
[00:06:00] [Server thread/INFO]: [ThePets] Successfully loaded custom pet with id penguin!
[00:06:00] [Server thread/INFO]: [ThePets] Successfully loaded custom pet with id golem!
[00:06:00] [Server thread/INFO]: [ThePets] Successfully loaded custom pet with id bat!
[00:06:00] [Server thread/INFO]: [ThePets] Plugin has registered in total 8 Pets!
[00:06:00] [Server thread/INFO]: [QuickShop-Hikari] Using economy system: EssentialsX Economy
[00:06:00] [Server thread/WARN]: [QuickShop-Hikari] QuickShop detected that no tax account exists and will try to create one. If you see any errors, please change the tax-account name in the config.yml to that of the Server owner.
[00:06:00] [Server thread/INFO]: [Essentials] Created a User for Tax (2c5f00ba-902c-411b-b9b9-9261cf43aee1) for non Bukkit type: com.earth2me.essentials.OfflinePlayerStub
[00:06:00] [Server thread/INFO]: [QuickShop-Hikari] Tax account created.
[00:06:00] [Server thread/INFO]: [QuickShop-Hikari] Selected economy bridge: BuiltIn-Vault
[00:06:00] [Server thread/INFO]: Done (81.915s)! For help, type "help"
[00:06:00] [Server thread/INFO]: [eco] Loaded eco
[00:06:00] [Server thread/WARN]: [PlaceholderAPI] Cannot load expansion coinsapi due to an unknown issue.
[00:06:00] [Server thread/INFO]: [PlaceholderAPI] Successfully registered external expansion: vault [1.8.1]
[00:06:00] [Server thread/INFO]: [PlaceholderAPI] Successfully registered external expansion: statistic [2.0.1]
[00:06:00] [Server thread/INFO]: [PlaceholderAPI] Successfully registered external expansion: griefprevention [1.6.0]
[00:06:00] [Server thread/INFO]: [PlaceholderAPI] Successfully registered external expansion: player [2.0.5]
[00:06:00] [Server thread/INFO]: [PlaceholderAPI] Successfully registered external expansion: luckperms [5.4-R2]
[00:06:00] [Server thread/INFO]: [PlaceholderAPI] Successfully registered external expansion: essentials [1.5.2]
[00:06:00] [Server thread/INFO]: 6 placeholder hook(s) registered! 4 placeholder hook(s) have an update available.
[00:06:00] [OkHttp https://staffplusplus.org/.../INFO]: Your Staff++ version is up to date!
[00:06:01] [Server thread/INFO]: [AdvancedEnchantments] Successfully hooked into ProtocolLib, AdvancedEnchantments, WorldGuard, GriefPrevention, PlaceholderAPI, Essentials, Vault, LuckPerms, ViaVersion, TAB.
[00:06:01] [Craft Scheduler Thread - 16 - TheSkills/INFO]: [TheSkills] Registered 10 Stats!
[00:06:01] [Craft Scheduler Thread - 5 - TheSkills/INFO]: [TheSkills] Registered 12 Skills!
[00:06:01] [Craft Scheduler Thread - 17 - TheSkills/INFO]: [TheSkills] Registered 22 Perks!
[00:06:01] [Thread-20/INFO]: --------------------
[00:06:01] [Thread-20/INFO]: [CoreProtect] Version 23.1 is now available.
[00:06:01] [Thread-20/INFO]: [CoreProtect] Download: www.coreprotect.net/download/
[00:06:01] [Thread-20/INFO]: --------------------
[00:06:01] [Craft Scheduler Thread - 18 - AdvancedEnchantments/INFO]: [AdvancedEnchantments] You're using an outdated version of AdvancedEnchantments. A new version is available: 9.22.6
[00:06:01] [Craft Scheduler Thread - 18 - AdvancedEnchantments/INFO]: [AdvancedEnchantments] Keep your Advanced plugins up to date automatically with MintServers Unlimited Hosting: https://mintservers.com/
[00:06:05] [Server thread/INFO]: [PlaceholderAPI] Successfully registered internal expansion: thecore [4.0.2]
[00:08:44] [Server thread/INFO]: Stopping the server
[00:08:44] [Server thread/INFO]: Stopping server
[00:08:44] [Server thread/INFO]: [ConditionalEvents] Disabling ConditionalEvents v4.72.2
[00:08:44] [Server thread/INFO]: [ConditionalEvents] Has been disabled! Version: 4.72.2
[00:08:44] [Server thread/INFO]: [QuickShop-Hikari] Disabling QuickShop-Hikari v6.2.0.10
[00:08:44] [Server thread/INFO]: [QuickShop-Hikari/Bootstrap] QuickShop-Hikari - Bootstrap -> Execute the shutdown sequence
[00:08:44] [Server thread/INFO]: [QuickShop-Hikari] QuickShop is finishing remaining work, this may need a while...
[00:08:44] [Server thread/INFO]: [QuickShop-Hikari] Shutting down error reporter...
[00:08:44] [Server thread/INFO]: [QuickShop-Hikari] Unregistering PlaceHolderAPI hooks...
[00:08:44] [Server thread/INFO]: [QuickShop-Hikari] Successfully unregistered PlaceholderAPI hook!
[00:08:44] [Server thread/INFO]: [QuickShop-Hikari] Unloading all loaded shops...
[00:08:44] [Server thread/INFO]: [QuickShop-Hikari] Stopping shop auto save...
[00:08:44] [Server thread/INFO]: [QuickShop-Hikari] Saving all in-memory changed shops...
[00:08:44] [Server thread/INFO]: [QuickShop-Hikari] Cleaning up shop manager...
[00:08:44] [Server thread/INFO]: [QuickShop-Hikari] Unloading loaded shops...
[00:08:44] [Server thread/INFO]: [QuickShop-Hikari] Saving shops, please allow up to 30 seconds for flush changes into database...
[00:08:44] [Server thread/INFO]: [QuickShop-Hikari] Cleaning up display manager...
[00:08:44] [Server thread/INFO]: [QuickShop-Hikari] Stopping log watcher...
[00:08:44] [Server thread/INFO]: [QuickShop-Hikari] Shutting down scheduled timers...
[00:08:44] [Server thread/INFO]: [QuickShop-Hikari] Shutting down event calendar watcher...
[00:08:44] [Server thread/INFO]: [QuickShop-Hikari] Shutting down update watcher...
[00:08:44] [Server thread/INFO]: [QuickShop-Hikari] Shutting down 3rd-party integrations...
[00:08:44] [Server thread/INFO]: [QuickShop-Hikari] Unload PlaceHolderAPI module successfully!
[00:08:44] [Server thread/INFO]: [QuickShop-Hikari] Shutting down database connections...
[00:08:44] [Server thread/INFO]: [cc.carm.lib.easysql.hikari.HikariDataSource] HikariPool-1 - Shutdown initiated...
[00:08:44] [Server thread/INFO]: [cc.carm.lib.easysql.hikari.HikariDataSource] HikariPool-1 - Shutdown completed.
[00:08:44] [Server thread/INFO]: [QuickShop-Hikari/Bootstrap] Cleaning up resources...
[00:08:44] [Server thread/INFO]: [QuickShop-Hikari/Bootstrap] QuickShop-Hikari - Bootstrap -> All Complete (43ms)
[00:08:44] [Server thread/INFO]: [AdvancedRenamer] Disabling AdvancedRenamer v1.1
[00:08:44] [Server thread/INFO]: ------------------ 
[00:08:44] [Server thread/INFO]:   Plugin Disabled  
[00:08:44] [Server thread/INFO]: ------------------ 
[00:08:44] [Server thread/INFO]: [AdvancedEnchantments] Disabling AdvancedEnchantments v9.22.5
[00:08:44] [Server thread/INFO]: [AxSellwands] Disabling AxSellwands v1.11.1
[00:08:44] [Server thread/INFO]: [DeluxeTags] Disabling DeluxeTags v1.8.2-Release
[00:08:44] [Server thread/INFO]: [EzChat] Disabling EzChat v3.1.0
[00:08:44] [Server thread/INFO]: [KitPreview] Disabling KitPreview v2.4
[00:08:44] [Server thread/INFO]: [TAB] Disabling TAB v5.4.0
[00:08:44] [Server thread/INFO]: [TAB] Disabled in 0ms
[00:08:44] [Server thread/INFO]: [ajLeaderboards] Disabling ajLeaderboards v2.10.1
[00:08:44] [pool-95-thread-1/INFO]: [ajLeaderboards] Shutting down cache method..
[00:08:44] [pool-95-thread-1/INFO]: [ajLeaderboards] Cache method shut down
[00:08:44] [Server thread/INFO]: [ajLeaderboards] Killing remaining workers
[00:08:44] [Server thread/INFO]: [ajLeaderboards] Remaining workers killed
[00:08:44] [Server thread/INFO]: [ajLeaderboards] ajLeaderboards v2.10.1 disabled.
[00:08:44] [Server thread/INFO]: [SimpleRename] Disabling SimpleRename v13.9
[00:08:44] [Server thread/INFO]: SimpleRename disabled!
[00:08:44] [Server thread/INFO]: [MOTD] Disabling MOTD v2.3.10
[00:08:44] [Server thread/INFO]: [EssentialsSpawn] Disabling EssentialsSpawn v2.22.0-dev+47-faa02b5
[00:08:44] [Server thread/INFO]: [ThePets] Disabling ThePets v3.70.0
[00:08:44] [Server thread/INFO]: [ThePets] Plugin has saved 25 pets to database!
[00:08:44] [Server thread/INFO]: [ThePets] Plugin has saved 0 users to database!
[00:08:44] [Server thread/INFO]: [TogglePvp] Disabling TogglePvp v8.1
[00:08:44] [Server thread/INFO]: [TogglePvp] Disabled TogglePvp
[00:08:44] [Server thread/INFO]: [ItemEdit] Disabling ItemEdit v3.7.7
[00:08:44] [Server thread/INFO]: [PlaceholderAPI] Unregistered placeholder expansion itemedit
[00:08:44] [Server thread/INFO]: [PlaceholderAPI] Reason: required plugin ItemEdit was disabled.
[00:08:44] [Server thread/INFO]: [AdvancedBan] Disabling AdvancedBan v2.3.0
[00:08:44] [Server thread/INFO]: [hsqldb.db.HSQLDB9B15B013BA.ENGINE] Database closed
[00:08:44] [Server thread/INFO]: [me.leoko.advancedban.shaded.com.zaxxer.hikari.HikariDataSource] HikariPool-1 - Shutdown initiated...
[00:08:44] [Server thread/INFO]: [me.leoko.advancedban.shaded.com.zaxxer.hikari.HikariDataSource] HikariPool-1 - Shutdown completed.
[00:08:44] [Server thread/INFO]: 
 
[]=====[Disabling AdvancedBan]=====[]
| Information:
|   Name: AdvancedBan
|   Developer: Leoko
|   Version: 2.3.0
|   Storage: HSQLDB (local)
| Support:
|   Github: https://github.com/DevLeoko/AdvancedBan/issues
|   Discord: https://discord.gg/ycDG6rS
| Twitter: @LeokoGar
[]================================[]
 
[00:08:44] [Server thread/INFO]: [StaffPlusPlus] Disabling StaffPlusPlus v1.21.17
[00:08:44] [Server thread/INFO]: [StaffPlusPlus] Staff++ is now disabling!
[00:08:44] [Server thread/INFO]: [StaffPlusPlus] Staff++ disabled!
[00:08:44] [Server thread/INFO]: [ExcellentCrates] Disabling ExcellentCrates v6.6.1
[00:08:44] [Server thread/INFO]: [com.zaxxer.hikari.HikariDataSource] ExcellentCratesPool - Shutdown initiated...
[00:08:44] [Server thread/INFO]: [com.zaxxer.hikari.HikariDataSource] ExcellentCratesPool - Shutdown completed.
[00:08:44] [Server thread/INFO]: [BlockParticles] Disabling BlockParticles v1.12
[00:08:44] [Server thread/INFO]: [CitizensCMD] Disabling CitizensCMD v2.7.2
[00:08:44] [Server thread/INFO]: [DeluxeMenus] Disabling DeluxeMenus v1.14.1-Release
[00:08:44] [Server thread/INFO]: [CMILib] Disabling CMILib v1.5.7.5
[00:08:44] [Server thread/INFO]: [ChatColor2] Disabling ChatColor2 v1.13.1
[00:08:44] [Server thread/INFO]: Chat Color | ChatColor 2 Version 1.13.1 has been disabled.
[00:08:44] [Server thread/INFO]: [TheAuction] Disabling TheAuction v3.70.0
[00:08:44] [Server thread/INFO]: [ForcePack] Disabling ForcePack v1.3.74-SNAPSHOT
[00:08:44] [Server thread/INFO]: [LiteFish] Disabling LiteFish v5.0.6
[00:08:44] [Server thread/INFO]: [TempFly] Disabling TempFly v3.1.7
[00:08:44] [Server thread/INFO]: [BrunoCore] Disabling BrunoCore v1.0
[00:08:44] [Server thread/INFO]: [BrunoCore] BrunoCore desactivado.
[00:08:44] [Server thread/INFO]: [CoreProtect] Disabling CoreProtect v23.0
[00:08:44] [Server thread/INFO]: [CoreProtect] Finishing up data logging. Please wait...
[00:08:45] [Server thread/INFO]: [CoreProtect] Success! Disabled CoreProtect v23.0
[00:08:45] [Server thread/INFO]: [WorldGuardExtraFlags] Disabling WorldGuardExtraFlags v4.2.4-SNAPSHOT
[00:08:45] [Server thread/INFO]: [EconomyShopGUI] Disabling EconomyShopGUI v6.16.2
[00:08:45] [Server thread/INFO]: [TheSkills] Disabling TheSkills v3.70.0
[00:08:45] [Server thread/INFO]: [Citizens] Disabling Citizens v2.0.41-SNAPSHOT (build 4021)
[00:08:45] [Server thread/INFO]: [eco] Disabling eco v6.77.2
[00:08:45] [Server thread/INFO]: [eco] Saving player data...
[00:08:45] [Server thread/INFO]: [eco] Saved player data! Took 1ms
[00:08:45] [Server thread/INFO]: [eco] Cleaning up...
[00:08:45] [Server thread/INFO]: [CoinsEngine] Disabling CoinsEngine v2.6.0
[00:08:45] [Server thread/INFO]: [com.zaxxer.hikari.HikariDataSource] CoinsEnginePool - Shutdown initiated...
[00:08:45] [Server thread/INFO]: [com.zaxxer.hikari.HikariDataSource] CoinsEnginePool - Shutdown completed.
[00:08:45] [Server thread/INFO]: [CoinsEngine] Currency unregistered: 'coins'.
[00:08:45] [Server thread/INFO]: [EssentialsChat] Disabling EssentialsChat v2.22.0-dev+47-faa02b5
[00:08:45] [Server thread/INFO]: [SilkSpawners] Disabling SilkSpawners v8.3.0
[00:08:45] [Server thread/INFO]: [TheAssistant] Disabling TheAssistant v4.0.2
[00:08:45] [Server thread/INFO]: [DecentHolograms] Disabling DecentHolograms v2.9.9
[00:08:45] [Server thread/INFO]: [Multiverse-Inventories] Disabling Multiverse-Inventories v5.2.2
[00:08:45] [Server thread/INFO]: [GriefPrevention] Disabling GriefPrevention v16.18.5
[00:08:45] [Server thread/INFO]: [PlaceholderAPI] Unregistered placeholder expansion griefprevention
[00:08:45] [Server thread/INFO]: [PlaceholderAPI] Reason: required plugin GriefPrevention was disabled.
[00:08:45] [Server thread/INFO]: [GriefPrevention] GriefPrevention disabled.
[00:08:45] [Server thread/INFO]: [nightcore] Disabling nightcore v2.11.0
[00:08:45] [Server thread/INFO]: [Essentials] Disabling Essentials v2.22.0-dev+47-faa02b5
[00:08:45] [Server thread/INFO]: [Vault] [Economy] Essentials Economy unhooked.
[00:08:45] [Server thread/INFO]: [ProtocolLib] Disabling ProtocolLib v5.4.0
[00:08:45] [Server thread/INFO]: [Multiverse-Core] Disabling Multiverse-Core v5.3.4
[00:08:45] [Server thread/INFO]: [WorldGuard] Disabling WorldGuard v7.0.14+2339-43997ec
[00:08:45] [Server thread/INFO]: [WorldGuard] Shutting down executor and cancelling any pending tasks...
[00:08:45] [Server thread/INFO]: [VoidGen] Disabling VoidGen v2.3.4
[00:08:45] [Server thread/INFO]: [PlaceholderAPI] Disabling PlaceholderAPI v2.11.7
[00:08:45] [Server thread/INFO]: [WorldEdit] Disabling WorldEdit v7.3.17+7262-c7fbe08
[00:08:45] [Server thread/INFO]: Unregistering com.sk89q.worldedit.bukkit.BukkitServerInterface from WorldEdit
[00:08:45] [Server thread/INFO]: [Vault] Disabling Vault v1.7.3-b131
[00:08:45] [Server thread/INFO]: [LuckPerms] Disabling LuckPerms v5.5.0
[00:08:45] [Server thread/INFO]: [LuckPerms] Starting shutdown process...
[00:08:45] [Server thread/INFO]: [LuckPerms] Closing storage...
[00:08:45] [Server thread/INFO]: [LuckPerms] Goodbye!
[00:08:45] [Server thread/INFO]: [ViaVersion] Disabling ViaVersion v5.6.0
[00:08:45] [Server thread/INFO]: [ViaVersion] ViaVersion has been disabled; uninjected the platform and shut down the scheduler.
[00:08:45] [Server thread/INFO]: Saving players
[00:08:45] [Server thread/INFO]: Saving worlds
[00:08:45] [Server thread/INFO]: Saving chunks for level 'ServerLevel[world]'/minecraft:overworld
[00:08:45] [Server thread/INFO]: [ChunkHolderManager] Waiting 60s for chunk system to halt for world 'world'
[00:08:45] [Server thread/INFO]: [ChunkHolderManager] Halted chunk system for world 'world'
[00:08:45] [Server thread/INFO]: [ChunkHolderManager] Saving all chunkholders for world 'world'
[00:08:45] [Server thread/INFO]: [ChunkHolderManager] Saved 74 block chunks, 74 entity chunks, 0 poi chunks in world 'world' in 0.18s
[00:08:45] [Server thread/INFO]: [ChunkHolderManager] Waiting 60s for chunk I/O to halt for world 'world'
[00:08:45] [Server thread/INFO]: [ChunkHolderManager] Halted I/O scheduler for world 'world'
[00:08:45] [Server thread/INFO]: Saving chunks for level 'ServerLevel[world_nether]'/minecraft:the_nether
[00:08:45] [Server thread/INFO]: [ChunkHolderManager] Waiting 60s for chunk system to halt for world 'world_nether'
[00:08:45] [Server thread/INFO]: [ChunkHolderManager] Halted chunk system for world 'world_nether'
[00:08:45] [Server thread/INFO]: [ChunkHolderManager] Saving all chunkholders for world 'world_nether'
[00:08:46] [Server thread/INFO]: [ChunkHolderManager] Saved 49 block chunks, 49 entity chunks, 0 poi chunks in world 'world_nether' in 0.14s
[00:08:46] [Server thread/INFO]: [ChunkHolderManager] Waiting 60s for chunk I/O to halt for world 'world_nether'
[00:08:46] [Server thread/INFO]: [ChunkHolderManager] Halted I/O scheduler for world 'world_nether'
[00:08:46] [Server thread/INFO]: Saving chunks for level 'ServerLevel[world_the_end]'/minecraft:the_end
[00:08:46] [Server thread/INFO]: [ChunkHolderManager] Waiting 60s for chunk system to halt for world 'world_the_end'
[00:08:46] [Server thread/INFO]: [ChunkHolderManager] Halted chunk system for world 'world_the_end'
[00:08:46] [Server thread/INFO]: [ChunkHolderManager] Saving all chunkholders for world 'world_the_end'
[00:08:46] [Server thread/INFO]: [ChunkHolderManager] Saved 49 block chunks, 49 entity chunks, 0 poi chunks in world 'world_the_end' in 0.22s
[00:08:46] [Server thread/INFO]: [ChunkHolderManager] Waiting 60s for chunk I/O to halt for world 'world_the_end'
[00:08:46] [Server thread/INFO]: [ChunkHolderManager] Halted I/O scheduler for world 'world_the_end'
[00:08:46] [Server thread/INFO]: Saving chunks for level 'ServerLevel[pvp]'/minecraft:pvp
[00:08:46] [Server thread/INFO]: [ChunkHolderManager] Waiting 60s for chunk system to halt for world 'pvp'
[00:08:46] [Server thread/INFO]: [ChunkHolderManager] Halted chunk system for world 'pvp'
[00:08:46] [Server thread/INFO]: [ChunkHolderManager] Saving all chunkholders for world 'pvp'
[00:08:46] [Server thread/INFO]: [ChunkHolderManager] Saved 25 block chunks, 25 entity chunks, 0 poi chunks in world 'pvp' in 0.06s
[00:08:46] [Server thread/INFO]: [ChunkHolderManager] Waiting 60s for chunk I/O to halt for world 'pvp'
[00:08:46] [Server thread/INFO]: [ChunkHolderManager] Halted I/O scheduler for world 'pvp'
[00:08:46] [Server thread/INFO]: Saving chunks for level 'ServerLevel[mina]'/minecraft:mina
[00:08:46] [Server thread/INFO]: [ChunkHolderManager] Waiting 60s for chunk system to halt for world 'mina'
[00:08:46] [Server thread/INFO]: [ChunkHolderManager] Halted chunk system for world 'mina'
[00:08:46] [Server thread/INFO]: [ChunkHolderManager] Saving all chunkholders for world 'mina'
[00:08:46] [Server thread/INFO]: [ChunkHolderManager] Saved 56 block chunks, 56 entity chunks, 0 poi chunks in world 'mina' in 0.12s
[00:08:46] [Server thread/INFO]: [ChunkHolderManager] Waiting 60s for chunk I/O to halt for world 'mina'
[00:08:46] [Server thread/INFO]: [ChunkHolderManager] Halted I/O scheduler for world 'mina'
[00:08:46] [Server thread/INFO]: Saving chunks for level 'ServerLevel[Spawn]'/minecraft:spawn
[00:08:46] [Server thread/INFO]: [ChunkHolderManager] Waiting 60s for chunk system to halt for world 'Spawn'
[00:08:46] [Server thread/INFO]: [ChunkHolderManager] Halted chunk system for world 'Spawn'
[00:08:46] [Server thread/INFO]: [ChunkHolderManager] Saving all chunkholders for world 'Spawn'
[00:08:46] [Server thread/INFO]: [ChunkHolderManager] Saved 55 block chunks, 55 entity chunks, 0 poi chunks in world 'Spawn' in 0.13s
[00:08:46] [Server thread/INFO]: [ChunkHolderManager] Waiting 60s for chunk I/O to halt for world 'Spawn'
[00:08:46] [Server thread/INFO]: [ChunkHolderManager] Halted I/O scheduler for world 'Spawn'
[00:08:46] [Server thread/INFO]: ThreadedAnvilChunkStorage (world): All chunks are saved
[00:08:46] [Server thread/INFO]: ThreadedAnvilChunkStorage (DIM-1): All chunks are saved
[00:08:46] [Server thread/INFO]: ThreadedAnvilChunkStorage (DIM1): All chunks are saved
[00:08:46] [Server thread/INFO]: ThreadedAnvilChunkStorage (pvp): All chunks are saved
[00:08:46] [Server thread/INFO]: ThreadedAnvilChunkStorage (mina): All chunks are saved
[00:08:46] [Server thread/INFO]: ThreadedAnvilChunkStorage (Spawn): All chunks are saved
[00:08:46] [Server thread/INFO]: ThreadedAnvilChunkStorage: All dimensions are saved
[00:08:46] [Server thread/INFO]: Waiting for all RegionFile I/O tasks to complete...
[00:08:46] [Server thread/INFO]: All RegionFile I/O tasks to complete
[00:08:46] [Server thread/INFO]: [MoonriseCommon] Awaiting termination of worker pool for up to 60s...
[00:08:46] [Server thread/INFO]: [MoonriseCommon] Awaiting termination of I/O pool for up to 60s...
