[00:42:58] [ServerMain/INFO]: [bootstrap] Running Java 21 (OpenJDK 64-Bit Server VM 21.0.9+10-Ubuntu-124.04; Ubuntu null) on Linux 6.8.0-1030-azure (amd64)
[00:42:58] [ServerMain/INFO]: [bootstrap] Loading Paper 1.21.8-6-main@782ce95 (2025-07-18T20:26:58Z) for Minecraft 1.21.8
[00:42:58] [ServerMain/INFO]: [PluginInitializerManager] Initializing plugins...
[00:42:59] [Paper Plugin Remapper Thread - 1/INFO]: [PluginRemapper] Remapping plugin 'plugins/BrunoCore-1.0.jar'...
[00:42:59] [Paper Plugin Remapper Thread - 1/INFO]: [PluginRemapper] Done remapping plugin 'plugins/BrunoCore-1.0.jar' in 360ms.
[00:43:01] [ServerMain/INFO]: [PluginInitializerManager] Initialized 36 plugins
[00:43:01] [ServerMain/INFO]: [PluginInitializerManager] Paper plugins (1):
 - PlugManX (3.0.2)
[00:43:01] [ServerMain/INFO]: [PluginInitializerManager] Bukkit plugins (35):
 - AdvancedBan (2.3.0), AxChatGames (1.3.1), BrunoCore (1.0), ConditionalEvents (4.72.2), CoreProtect (23.0), EcoArmor (8.73.0), EntityLimiter (1.0.1), Essentials (2.22.0-dev+47-faa02b5), EssentialsChat (2.22.0-dev+47-faa02b5), EssentialsSpawn (2.22.0-dev+47-faa02b5), ForcePack (1.3.74-SNAPSHOT), ItemEdit (3.7.7), LuckPerms (5.5.0), Multiverse-Core (5.3.4), Multiverse-Inventories (5.2.2), Multiverse-NetherPortals (5.0.3), Multiverse-Portals (5.1.1), PlaceholderAPI (2.11.7), ProtocolLib (5.4.0), SkinsRestorer (15.9.1), StaffPlusPlus (1.21.17), TheAssistant (4.0.2), TheAuction (3.70.0), TheMinions (3.70.0), ThePets (3.70.0), TheSkills (3.70.0), UltimateShop (3.13.6), UltraEconomy (2.10.8), Vault (1.7.3-b131), ViaVersion (5.5.0), VoidGen (2.3.4), WorldEdit (7.3.17+7262-c7fbe08), WorldGuard (7.0.14+2339-43997ec), WorldGuardExtraFlags (4.2.4-SNAPSHOT), eco (6.77.2)
[00:43:08] [ServerMain/INFO]: Environment: Environment[sessionHost=https://sessionserver.mojang.com, servicesHost=https://api.minecraftservices.com, name=PROD]
[00:43:09] [ServerMain/INFO]: [ca.spottedleaf.dataconverter.minecraft.datatypes.MCTypeRegistry] Initialising converters for DataConverter...
[00:43:10] [ServerMain/INFO]: [ca.spottedleaf.dataconverter.minecraft.datatypes.MCTypeRegistry] Finished initialising converters for DataConverter in 1,087.0ms
[00:43:13] [ServerMain/INFO]: Loaded 1407 recipes
[00:43:13] [ServerMain/INFO]: Loaded 1520 advancements
[00:43:13] [Server thread/INFO]: Starting minecraft server version 1.21.8
[00:43:13] [Server thread/INFO]: Loading properties
[00:43:13] [Server thread/INFO]: This server is running Paper version 1.21.8-6-main@782ce95 (2025-07-18T20:26:58Z) (Implementing API version 1.21.8-R0.1-SNAPSHOT)
[00:43:13] [Server thread/INFO]: [spark] This server bundles the spark profiler. For more information please visit https://docs.papermc.io/paper/profiling
[00:43:13] [Server thread/INFO]: Server Ping Player Sample Count: 12
[00:43:13] [Server thread/INFO]: Using 4 threads for Netty based IO
[00:43:13] [Server thread/INFO]: [MoonriseCommon] Paper is using 1 worker threads, 1 I/O threads
[00:43:13] [Server thread/INFO]: [ChunkTaskScheduler] Chunk system is using population gen parallelism: true
[00:43:14] [Server thread/INFO]: Default game type: SURVIVAL
[00:43:14] [Server thread/INFO]: Generating keypair
[00:43:14] [Server thread/INFO]: Starting Minecraft server on *:25565
[00:43:14] [Server thread/INFO]: Using epoll channel type
[00:43:14] [Server thread/INFO]: Paper: Using libdeflate (Linux x86_64) compression from Velocity.
[00:43:14] [Server thread/INFO]: Paper: Using OpenSSL 3.x.x (Linux x86_64) cipher from Velocity.
[00:43:16] [Server thread/INFO]: [eco] Initializing eco
[00:43:16] [Server thread/INFO]: [EcoArmor] Initializing EcoArmor
[00:43:17] [Server thread/INFO]: [SpigotLibraryLoader] [ItemEdit] Loading 5 libraries... please wait
[00:43:17] [Server thread/INFO]: [SpigotLibraryLoader] [ItemEdit] Loaded library /workspaces/Server_prueba2/servidor_minecraft/libraries/net/kyori/adventure-api/4.20.0/adventure-api-4.20.0.jar
[00:43:17] [Server thread/INFO]: [SpigotLibraryLoader] [ItemEdit] Loaded library /workspaces/Server_prueba2/servidor_minecraft/libraries/net/kyori/adventure-key/4.20.0/adventure-key-4.20.0.jar
[00:43:17] [Server thread/INFO]: [SpigotLibraryLoader] [ItemEdit] Loaded library /workspaces/Server_prueba2/servidor_minecraft/libraries/net/kyori/examination-api/1.3.0/examination-api-1.3.0.jar
[00:43:17] [Server thread/INFO]: [SpigotLibraryLoader] [ItemEdit] Loaded library /workspaces/Server_prueba2/servidor_minecraft/libraries/net/kyori/examination-string/1.3.0/examination-string-1.3.0.jar
[00:43:17] [Server thread/INFO]: [SpigotLibraryLoader] [ItemEdit] Loaded library /workspaces/Server_prueba2/servidor_minecraft/libraries/org/jetbrains/annotations/26.0.2/annotations-26.0.2.jar
[00:43:17] [Server thread/INFO]: [SpigotLibraryLoader] [ItemEdit] Loaded library /workspaces/Server_prueba2/servidor_minecraft/libraries/net/kyori/adventure-platform-bukkit/4.3.4/adventure-platform-bukkit-4.3.4.jar
[00:43:17] [Server thread/INFO]: [SpigotLibraryLoader] [ItemEdit] Loaded library /workspaces/Server_prueba2/servidor_minecraft/libraries/net/kyori/adventure-platform-api/4.3.4/adventure-platform-api-4.3.4.jar
[00:43:17] [Server thread/INFO]: [SpigotLibraryLoader] [ItemEdit] Loaded library /workspaces/Server_prueba2/servidor_minecraft/libraries/net/kyori/adventure-text-serializer-bungeecord/4.3.4/adventure-text-serializer-bungeecord-4.3.4.jar
[00:43:17] [Server thread/INFO]: [SpigotLibraryLoader] [ItemEdit] Loaded library /workspaces/Server_prueba2/servidor_minecraft/libraries/net/kyori/adventure-nbt/4.13.1/adventure-nbt-4.13.1.jar
[00:43:17] [Server thread/INFO]: [SpigotLibraryLoader] [ItemEdit] Loaded library /workspaces/Server_prueba2/servidor_minecraft/libraries/net/kyori/adventure-text-serializer-gson-legacy-impl/4.13.1/adventure-text-serializer-gson-legacy-impl-4.13.1.jar
[00:43:17] [Server thread/INFO]: [SpigotLibraryLoader] [ItemEdit] Loaded library /workspaces/Server_prueba2/servidor_minecraft/libraries/net/kyori/adventure-platform-facet/4.3.4/adventure-platform-facet-4.3.4.jar
[00:43:17] [Server thread/INFO]: [SpigotLibraryLoader] [ItemEdit] Loaded library /workspaces/Server_prueba2/servidor_minecraft/libraries/net/kyori/adventure-platform-viaversion/4.3.4/adventure-platform-viaversion-4.3.4.jar
[00:43:17] [Server thread/INFO]: [SpigotLibraryLoader] [ItemEdit] Loaded library /workspaces/Server_prueba2/servidor_minecraft/libraries/net/kyori/adventure-text-minimessage/4.20.0/adventure-text-minimessage-4.20.0.jar
[00:43:17] [Server thread/INFO]: [SpigotLibraryLoader] [ItemEdit] Loaded library /workspaces/Server_prueba2/servidor_minecraft/libraries/net/kyori/adventure-text-serializer-gson/4.20.0/adventure-text-serializer-gson-4.20.0.jar
[00:43:17] [Server thread/INFO]: [SpigotLibraryLoader] [ItemEdit] Loaded library /workspaces/Server_prueba2/servidor_minecraft/libraries/net/kyori/adventure-text-serializer-json/4.20.0/adventure-text-serializer-json-4.20.0.jar
[00:43:17] [Server thread/INFO]: [SpigotLibraryLoader] [ItemEdit] Loaded library /workspaces/Server_prueba2/servidor_minecraft/libraries/net/kyori/option/1.1.0/option-1.1.0.jar
[00:43:17] [Server thread/INFO]: [SpigotLibraryLoader] [ItemEdit] Loaded library /workspaces/Server_prueba2/servidor_minecraft/libraries/org/jspecify/jspecify/1.0.0/jspecify-1.0.0.jar
[00:43:17] [Server thread/INFO]: [SpigotLibraryLoader] [ItemEdit] Loaded library /workspaces/Server_prueba2/servidor_minecraft/libraries/com/google/code/gson/gson/2.8.0/gson-2.8.0.jar
[00:43:17] [Server thread/INFO]: [SpigotLibraryLoader] [ItemEdit] Loaded library /workspaces/Server_prueba2/servidor_minecraft/libraries/com/google/auto/service/auto-service-annotations/1.1.1/auto-service-annotations-1.1.1.jar
[00:43:17] [Server thread/INFO]: [SpigotLibraryLoader] [ItemEdit] Loaded library /workspaces/Server_prueba2/servidor_minecraft/libraries/net/kyori/adventure-text-serializer-commons/4.20.0/adventure-text-serializer-commons-4.20.0.jar
[00:43:17] [Server thread/INFO]: [SpigotLibraryLoader] [ItemEdit] Loaded library /workspaces/Server_prueba2/servidor_minecraft/libraries/net/kyori/adventure-text-serializer-legacy/4.20.0/adventure-text-serializer-legacy-4.20.0.jar
[00:43:18] [Server thread/INFO]: [PlaceholderAPI] Loading server plugin PlaceholderAPI v2.11.7
[00:43:18] [Server thread/INFO]: [ViaVersion] Loading server plugin ViaVersion v5.5.0
[00:43:18] [Server thread/INFO]: [ViaVersion] ViaVersion 5.5.0 is now loaded. Registering protocol transformers and injecting...
[00:43:18] [Via-Mappingloader-0/INFO]: [ViaVersion] Loading block connection mappings ...
[00:43:19] [Via-Mappingloader-0/INFO]: [ViaVersion] Using FastUtil Long2ObjectOpenHashMap for block connections
[00:43:19] [Server thread/INFO]: [UltraEconomy] Loading server plugin UltraEconomy v2.10.8
[00:43:19] [Server thread/INFO]: [LuckPerms] Loading server plugin LuckPerms v5.5.0
[00:43:20] [Server thread/INFO]: [Vault] Loading server plugin Vault v1.7.3-b131
[00:43:20] [Server thread/INFO]: [VoidGen] Loading server plugin VoidGen v2.3.4
[00:43:20] [Server thread/INFO]: [WorldEdit] Loading server plugin WorldEdit v7.3.17+7262-c7fbe08
[00:43:21] [Server thread/INFO]: Got request to register class com.sk89q.worldedit.bukkit.BukkitServerInterface with WorldEdit [com.sk89q.worldedit.extension.platform.PlatformManager@4922a42c]
[00:43:21] [Server thread/INFO]: [CoreLogging] Loading server plugin Multiverse-Core v5.3.4
[00:43:21] [Server thread/INFO]: [ProtocolLib] Loading server plugin ProtocolLib v5.4.0
[00:43:22] [Server thread/INFO]: [WorldGuard] Loading server plugin WorldGuard v7.0.14+2339-43997ec
[00:43:22] [Server thread/INFO]: [Multiverse-Inventories] Loading server plugin Multiverse-Inventories v5.2.2
[00:43:22] [Server thread/INFO]: [Essentials] Loading server plugin Essentials v2.22.0-dev+47-faa02b5
[00:43:22] [Server thread/INFO]: [TheAssistant] Loading server plugin TheAssistant v4.0.2
[00:43:22] [Server thread/INFO]: [eco] Loading server plugin eco v6.77.2
[00:43:22] [Server thread/INFO]: [TheMinions] Loading server plugin TheMinions v3.70.0
[00:43:22] [Server thread/INFO]: [Multiverse-Portals] Loading server plugin Multiverse-Portals v5.1.1
[00:43:22] [Server thread/INFO]: [EcoArmor] Loading server plugin EcoArmor v8.73.0
[00:43:22] [Server thread/INFO]: [libreforge] Initializing libreforge
[00:43:22] [Server thread/INFO]: [libreforge] Loading server plugin libreforge v4.74.0
[00:43:22] [Server thread/INFO]: [TheSkills] Loading server plugin TheSkills v3.70.0
[00:43:22] [Server thread/INFO]: [BrunoCore] Loading server plugin BrunoCore v1.0
[00:43:22] [Server thread/INFO]: [ForcePack] Loading server plugin ForcePack v1.3.74-SNAPSHOT
[00:43:22] [Server thread/INFO]: [TheAuction] Loading server plugin TheAuction v3.70.0
[00:43:22] [Server thread/INFO]: [Multiverse-NetherPortals] Loading server plugin Multiverse-NetherPortals v5.0.3
[00:43:22] [Server thread/INFO]: [EntityLimiter] Loading server plugin EntityLimiter v1.0.1
[00:43:22] [Server thread/INFO]: [WorldGuardExtraFlags] Loading server plugin WorldGuardExtraFlags v4.2.4-SNAPSHOT
[00:43:22] [Server thread/INFO]: [StaffPlusPlus] Loading server plugin StaffPlusPlus v1.21.17
[00:43:22] [Server thread/INFO]: [UltimateShop] Loading server plugin UltimateShop v3.13.6
[00:43:22] [Server thread/INFO]: [AdvancedBan] Loading server plugin AdvancedBan v2.3.0
[00:43:22] [Server thread/INFO]: [ItemEdit] Loading server plugin ItemEdit v3.7.7
[00:43:22] [Server thread/INFO]: [ThePets] Loading server plugin ThePets v3.70.0
[00:43:22] [Server thread/INFO]: [EssentialsSpawn] Loading server plugin EssentialsSpawn v2.22.0-dev+47-faa02b5
[00:43:22] [Server thread/INFO]: [PlugManX] Loading server plugin PlugManX v3.0.2
[00:43:22] [Server thread/INFO]: [SkinsRestorer] Loading server plugin SkinsRestorer v15.9.1
[00:43:22] [Server thread/INFO]: [AxChatGames] Loading server plugin AxChatGames v1.3.1
[00:43:22] [Server thread/INFO]: [EssentialsChat] Loading server plugin EssentialsChat v2.22.0-dev+47-faa02b5
[00:43:22] [Server thread/INFO]: [CoreProtect] Loading server plugin CoreProtect v23.0
[00:43:22] [Server thread/INFO]: [ConditionalEvents] Loading server plugin ConditionalEvents v4.72.2
[00:43:22] [Server thread/INFO]: Server permissions file permissions.yml is empty, ignoring it
[00:43:22] [Server thread/INFO]: [UltraEconomy] Enabling UltraEconomy v2.10.8
[00:43:22] [Server thread/INFO]: [UltraEconomy] Loading Plugin...
[00:43:24] [Server thread/INFO]: [UltraEconomy] Hooked into Vault
[00:43:24] [Server thread/INFO]: [PlaceholderAPI] Successfully registered internal expansion: uecon [1.0.0]
[00:43:24] [Server thread/INFO]: [UltraEconomy] Hooked into PlaceholderAPI
[00:43:24] [Server thread/INFO]: [UltraEconomy] Successfully loaded in 1526 ms
[00:43:24] [Server thread/INFO]: [LuckPerms] Enabling LuckPerms v5.5.0
[00:43:24] [Server thread/INFO]:         __    
[00:43:24] [Server thread/INFO]:   |    |__)   LuckPerms v5.5.0
[00:43:24] [Server thread/INFO]:   |___ |      Running on Bukkit - Paper
[00:43:24] [Server thread/INFO]: 
[00:43:24] [Server thread/INFO]: [LuckPerms] Loading configuration...
[00:43:25] [Server thread/INFO]: [LuckPerms] Loading storage provider... [H2]
[00:43:26] [Server thread/INFO]: [LuckPerms] Loading internal permission managers...
[00:43:26] [Server thread/INFO]: [LuckPerms] Performing initial data load...
[00:43:26] [Server thread/INFO]: [LuckPerms] Successfully enabled. (took 2730ms)
[00:43:26] [Server thread/INFO]: [Vault] Enabling Vault v1.7.3-b131
[00:43:26] [Server thread/INFO]: [Vault] [Economy] Essentials Economy found: Waiting
[00:43:27] [Server thread/INFO]: [Vault] [Permission] SuperPermissions loaded as backup permission system.
[00:43:27] [Server thread/INFO]: [Vault] Enabled Version 1.7.3-b131
[00:43:27] [Server thread/INFO]: [LuckPerms] Registered Vault permission & chat hook.
[00:43:27] [Server thread/INFO]: [VoidGen] Enabling VoidGen v2.3.4
[00:43:27] [Server thread/INFO]: [VoidGen] Using VoidChunkGen: VERSION_1_21_3
[00:43:27] [Server thread/INFO]: [WorldEdit] Enabling WorldEdit v7.3.17+7262-c7fbe08
[00:43:27] [Server thread/INFO]: Registering commands with com.sk89q.worldedit.bukkit.BukkitServerInterface
[00:43:27] [Server thread/INFO]: WEPIF: Vault detected! Using Vault for permissions
[00:43:28] [Server thread/INFO]: Using com.sk89q.worldedit.bukkit.adapter.impl.v1_21_6.PaperweightAdapter as the Bukkit adapter
[00:43:31] [Server thread/INFO]: [ProtocolLib] Enabling ProtocolLib v5.4.0
[00:43:31] [Server thread/INFO]: [eco] Enabling eco v6.77.2
[00:43:31] [Server thread/INFO]: [eco] Loading eco
[00:43:31] [Server thread/INFO]: [PlaceholderAPI] Successfully registered internal expansion: eco [6.77.2]
[00:43:31] [Server thread/INFO]: [eco] Loaded integrations: UltraEconomy, Essentials, Vault, Multiverse-Inventories, PlaceholderAPI, WorldGuard
[00:43:31] [Server thread/INFO]: [eco] Scanning for conflicts...
[00:43:31] [Server thread/INFO]: [eco] No conflicts found!
[00:43:31] [Server thread/INFO]: [PlugManX] Enabling PlugManX v3.0.2
[00:43:32] [Server thread/WARN]: [PlugManX] ~~~~~~~~~~~~~~~~~~~~~~~~~~~~~~~~~~~~~~~~~~~~~~~~~~~~~~~~~~~~~~~~~~~~~~
[00:43:32] [Server thread/WARN]: [PlugManX] It seems like you're running on paper.
[00:43:32] [Server thread/WARN]: [PlugManX] PlugManX cannot interact with paper-plugins, yet.
[00:43:32] [Server thread/WARN]: [PlugManX] Also, if you encounter any issues, please join my discord: https://discord.gg/GxEFhVY6ff
[00:43:32] [Server thread/WARN]: [PlugManX] Or create an issue on GitHub: https://github.com/Test-Account666/PlugMan
[00:43:32] [Server thread/WARN]: [PlugManX] ~~~~~~~~~~~~~~~~~~~~~~~~~~~~~~~~~~~~~~~~~~~~~~~~~~~~~~~~~~~~~~~~~~~~~~
[00:43:32] [Server thread/INFO]: [PlugManX] You can disable this warning by setting 'showPaperWarning' to false in the config.yml
[00:43:32] [Server thread/INFO]: [SkinsRestorer] Enabling SkinsRestorer v15.9.1
[00:43:33] [Server thread/INFO]: [SkinsRestorer] Running on Minecraft 1.21.8.
[00:43:34] [Server thread/INFO]: [SkinsRestorer] Using paper join listener!
[00:43:34] [Server thread/INFO]: [PlaceholderAPI] Successfully registered internal expansion: skinsrestorer [15.9.1]
[00:43:34] [Server thread/INFO]: [SkinsRestorer] PlaceholderAPI expansion registered!
[00:43:34] [Server thread/WARN]: **** SERVER IS RUNNING IN OFFLINE/INSECURE MODE!
[00:43:34] [Server thread/WARN]: The server will make no attempt to authenticate usernames. Beware.
[00:43:34] [Server thread/WARN]: While this makes the game possible to play without internet access, it also opens up the ability for hackers to connect with any username they choose.
[00:43:34] [Server thread/WARN]: To change this, set "online-mode" to "true" in the server.properties file.
[00:43:34] [Server thread/INFO]: Preparing level "spawn"
[00:43:34] [Folia Async Scheduler Thread #1/INFO]: [SkinsRestorer] ----------------------------------------------
[00:43:34] [Folia Async Scheduler Thread #1/INFO]: [SkinsRestorer]     +==================+
[00:43:34] [Folia Async Scheduler Thread #1/INFO]: [SkinsRestorer]     |   SkinsRestorer  |
[00:43:34] [Folia Async Scheduler Thread #1/INFO]: [SkinsRestorer]     |------------------|
[00:43:34] [Folia Async Scheduler Thread #1/INFO]: [SkinsRestorer]     |  Standalone Mode |
[00:43:34] [Folia Async Scheduler Thread #1/INFO]: [SkinsRestorer]     +==================+
[00:43:34] [Folia Async Scheduler Thread #1/INFO]: [SkinsRestorer] ----------------------------------------------
[00:43:34] [Folia Async Scheduler Thread #1/INFO]: [SkinsRestorer]     Version: 15.9.1
[00:43:34] [Folia Async Scheduler Thread #1/INFO]: [SkinsRestorer]     Commit: ee713cb
[00:43:34] [Folia Async Scheduler Thread #1/INFO]: [SkinsRestorer]     This is the latest version!
[00:43:34] [Folia Async Scheduler Thread #1/INFO]: [SkinsRestorer] ----------------------------------------------
[00:43:34] [Folia Async Scheduler Thread #1/INFO]: [SkinsRestorer] Do you have issues? Read our troubleshooting guide: https://skinsrestorer.net/docs/troubleshooting
[00:43:34] [Folia Async Scheduler Thread #1/INFO]: [SkinsRestorer] Want to support SkinsRestorer? Consider donating: https://skinsrestorer.net/donate
[00:43:35] [Server thread/INFO]: Preparing start region for dimension minecraft:overworld
[00:43:35] [Server thread/INFO]: Preparing spawn area: 0%
[00:43:35] [Server thread/INFO]: Preparing spawn area: 2%
[00:43:36] [Server thread/INFO]: Preparing spawn area: 16%
[00:43:36] [Server thread/INFO]: Time elapsed: 1277 ms
[00:43:36] [Server thread/INFO]: Preparing start region for dimension minecraft:the_nether
[00:43:36] [Server thread/INFO]: Preparing spawn area: 0%
[00:43:36] [Server thread/INFO]: Time elapsed: 217 ms
[00:43:36] [Server thread/INFO]: Preparing start region for dimension minecraft:the_end
[00:43:36] [Server thread/INFO]: Preparing spawn area: 0%
[00:43:36] [Server thread/INFO]: Time elapsed: 160 ms
[00:43:36] [Server thread/INFO]: [PlaceholderAPI] Enabling PlaceholderAPI v2.11.7
[00:43:37] [Server thread/INFO]: [PlaceholderAPI] Fetching available expansion information...
[00:43:37] [Server thread/INFO]: [ViaVersion] Enabling ViaVersion v5.5.0
[00:43:37] [Server thread/INFO]: [ViaVersion] ViaVersion detected server version: 1.21.7-1.21.8 (772)
[00:43:37] [Server thread/INFO]: [Multiverse-Core] Enabling Multiverse-Core v5.3.4
[00:43:37] [Server thread/INFO]: [VoidGen] 
[00:43:37] [Server thread/INFO]: [VoidGen] > ——————————————————————[ spawn ]——————————————————————
[00:43:37] [Server thread/INFO]: [VoidGen] > 
[00:43:37] [Server thread/INFO]: [VoidGen] > Generator settings have not been set, we will use the default settings:
[00:43:37] [Server thread/INFO]: [VoidGen] > {"biome":"the_void"}
[00:43:37] [Server thread/INFO]: [VoidGen] > 
[00:43:37] [Server thread/INFO]: [VoidGen] > ——————————————————————[ spawn ]——————————————————————
[00:43:37] [Server thread/INFO]: [VoidGen] 
[00:43:38] [Server thread/INFO]: Preparing start region for dimension minecraft:world
[00:43:38] [Server thread/INFO]: Preparing spawn area: 0%
[00:43:38] [Server thread/INFO]: Time elapsed: 441 ms
[00:43:38] [Server thread/INFO]: Preparing start region for dimension minecraft:world_the_end
[00:43:38] [Server thread/INFO]: Preparing spawn area: 0%
[00:43:39] [Server thread/INFO]: Time elapsed: 276 ms
[00:43:39] [Server thread/INFO]: Preparing start region for dimension minecraft:world_nether
[00:43:39] [Server thread/INFO]: Preparing spawn area: 0%
[00:43:39] [Server thread/INFO]: Time elapsed: 309 ms
[00:43:39] [Server thread/INFO]: Preparing start region for dimension minecraft:pvp
[00:43:39] [Server thread/INFO]: Time elapsed: 3 ms
[00:43:39] [Server thread/INFO]: Preparing start region for dimension minecraft:mina
[00:43:39] [Server thread/INFO]: Preparing spawn area: 0%
[00:43:40] [Server thread/INFO]: Time elapsed: 337 ms
[00:43:40] [Server thread/INFO]: [PlaceholderAPI] Successfully registered internal expansion: multiverse-core [5.3.4]
[00:43:40] [Server thread/INFO]: [Multiverse-Core] API service loaded!
[00:43:40] [Server thread/INFO]: [Multiverse-Core] Version 5.3.4 (API v5.3) Enabled - By dumptruckman, Rigby, fernferret, lithium3141, main--, benwoo1110 and Zax71
[00:43:40] [Server thread/INFO]: [Multiverse-Core] Loving Multiverse-Core? Please consider supporting the project with a small donation: https://github.com/sponsors/Multiverse
[00:43:40] [Server thread/INFO]: [VoidGen] VoidGen hooked into Multiverse!
[00:43:40] [Server thread/INFO]: [WorldGuard] Enabling WorldGuard v7.0.14+2339-43997ec
[00:43:41] [Server thread/INFO]: [WorldGuard] (spawn) TNT ignition is PERMITTED.
[00:43:41] [Server thread/INFO]: [WorldGuard] (spawn) Lighters are PERMITTED.
[00:43:41] [Server thread/INFO]: [WorldGuard] (spawn) Lava fire is PERMITTED.
[00:43:41] [Server thread/INFO]: [WorldGuard] (spawn) Fire spread is UNRESTRICTED.
[00:43:41] [Server thread/INFO]: [WorldGuard] Loaded configuration for world 'spawn'
[00:43:41] [Server thread/INFO]: [WorldGuard] (spawn_nether) TNT ignition is PERMITTED.
[00:43:41] [Server thread/INFO]: [WorldGuard] (spawn_nether) Lighters are PERMITTED.
[00:43:41] [Server thread/INFO]: [WorldGuard] (spawn_nether) Lava fire is PERMITTED.
[00:43:41] [Server thread/INFO]: [WorldGuard] (spawn_nether) Fire spread is UNRESTRICTED.
[00:43:41] [Server thread/INFO]: [WorldGuard] Loaded configuration for world 'spawn_nether'
[00:43:41] [Server thread/INFO]: [WorldGuard] (spawn_the_end) TNT ignition is PERMITTED.
[00:43:41] [Server thread/INFO]: [WorldGuard] (spawn_the_end) Lighters are PERMITTED.
[00:43:41] [Server thread/INFO]: [WorldGuard] (spawn_the_end) Lava fire is PERMITTED.
[00:43:41] [Server thread/INFO]: [WorldGuard] (spawn_the_end) Fire spread is UNRESTRICTED.
[00:43:41] [Server thread/INFO]: [WorldGuard] Loaded configuration for world 'spawn_the_end'
[00:43:41] [Server thread/INFO]: [WorldGuard] (world) TNT ignition is PERMITTED.
[00:43:41] [Server thread/INFO]: [WorldGuard] (world) Lighters are PERMITTED.
[00:43:41] [Server thread/INFO]: [WorldGuard] (world) Lava fire is PERMITTED.
[00:43:41] [Server thread/INFO]: [WorldGuard] (world) Fire spread is UNRESTRICTED.
[00:43:41] [Server thread/INFO]: [WorldGuard] Loaded configuration for world 'world'
[00:43:41] [Server thread/INFO]: [WorldGuard] (world_the_end) TNT ignition is PERMITTED.
[00:43:41] [Server thread/INFO]: [WorldGuard] (world_the_end) Lighters are PERMITTED.
[00:43:41] [Server thread/INFO]: [WorldGuard] (world_the_end) Lava fire is PERMITTED.
[00:43:41] [Server thread/INFO]: [WorldGuard] (world_the_end) Fire spread is UNRESTRICTED.
[00:43:41] [Server thread/INFO]: [WorldGuard] Loaded configuration for world 'world_the_end'
[00:43:41] [Server thread/INFO]: [WorldGuard] (world_nether) TNT ignition is PERMITTED.
[00:43:41] [Server thread/INFO]: [WorldGuard] (world_nether) Lighters are PERMITTED.
[00:43:41] [Server thread/INFO]: [WorldGuard] (world_nether) Lava fire is PERMITTED.
[00:43:41] [Server thread/INFO]: [WorldGuard] (world_nether) Fire spread is UNRESTRICTED.
[00:43:41] [Server thread/INFO]: [WorldGuard] Loaded configuration for world 'world_nether'
[00:43:41] [Server thread/INFO]: [WorldGuard] (pvp) TNT ignition is PERMITTED.
[00:43:41] [Server thread/INFO]: [WorldGuard] (pvp) Lighters are PERMITTED.
[00:43:41] [Server thread/INFO]: [WorldGuard] (pvp) Lava fire is PERMITTED.
[00:43:41] [Server thread/INFO]: [WorldGuard] (pvp) Fire spread is UNRESTRICTED.
[00:43:41] [Server thread/INFO]: [WorldGuard] Loaded configuration for world 'pvp'
[00:43:41] [Server thread/INFO]: [WorldGuard] (mina) TNT ignition is PERMITTED.
[00:43:41] [Server thread/INFO]: [WorldGuard] (mina) Lighters are PERMITTED.
[00:43:41] [Server thread/INFO]: [WorldGuard] (mina) Lava fire is PERMITTED.
[00:43:41] [Server thread/INFO]: [WorldGuard] (mina) Fire spread is UNRESTRICTED.
[00:43:41] [Server thread/INFO]: [WorldGuard] Loaded configuration for world 'mina'
[00:43:41] [Server thread/INFO]: [WorldGuard] Loading region data...
[00:43:42] [Server thread/INFO]: [Multiverse-Inventories] Enabling Multiverse-Inventories v5.2.2
[00:43:43] [Server thread/INFO]: [PlaceholderAPI] Successfully registered internal expansion: multiverse-inventories [5.2.2]
[00:43:43] [Server thread/INFO]: [Multiverse-Inventories] Loading player names map...
[00:43:43] [Server thread/INFO]: [Multiverse-Inventories] Version 5.2.2 (API v5.2) Enabled - By dumptruckman and benwoo1110
[00:43:43] [Server thread/INFO]: [Essentials] Enabling Essentials v2.22.0-dev+47-faa02b5
[00:43:44] [Server thread/ERROR]: [Essentials] You are running an unsupported server version!
[00:43:44] [Server thread/INFO]: [Essentials] Attempting to convert old kits in config.yml to new kits.yml
[00:43:44] [Server thread/INFO]: [Essentials] No kits found to migrate.
[00:43:44] [Server thread/INFO]: [Essentials] Selected 1.12.2+ Player Locale Provider as the provider for PlayerLocaleProvider
[00:43:44] [Server thread/INFO]: [Essentials] Selected Reflection Online Mode Provider as the provider for OnlineModeProvider
[00:43:44] [Server thread/INFO]: [Essentials] Selected Paper Known Commands Provider as the provider for KnownCommandsProvider
[00:43:44] [Server thread/INFO]: [Essentials] Selected 1.11+ Item Unbreakable Provider as the provider for ItemUnbreakableProvider
[00:43:44] [Server thread/INFO]: [Essentials] Selected Paper Tick Count Provider as the provider for TickCountProvider
[00:43:44] [Server thread/INFO]: [Essentials] Selected 1.20.4+ Damage Event Provider as the provider for DamageEventProvider
[00:43:44] [Server thread/INFO]: [Essentials] Selected 1.20.6+ Potion Meta Provider as the provider for PotionMetaProvider
[00:43:44] [Server thread/INFO]: [Essentials] Selected 1.14.4+ Persistent Data Container Provider as the provider for PersistentDataProvider
[00:43:44] [Server thread/INFO]: [Essentials] Selected Paper Server State Provider as the provider for ServerStateProvider
[00:43:44] [Server thread/INFO]: [Essentials] Selected Legacy Biome Name Provider as the provider for BiomeNameProvider
[00:43:44] [Server thread/INFO]: [Essentials] Selected 1.8.3+ Spawner Item Provider as the provider for SpawnerItemProvider
[00:43:44] [Server thread/INFO]: [Essentials] Selected 1.17.1+ World Info Provider as the provider for WorldInfoProvider
[00:43:44] [Server thread/INFO]: [Essentials] Selected Reflection Formatted Command Alias Provider as the provider for FormattedCommandAliasProvider
[00:43:44] [Server thread/INFO]: [Essentials] Selected Paper Serialization Provider as the provider for SerializationProvider
[00:43:44] [Server thread/INFO]: [Essentials] Selected 1.12+ Spawner Block Provider as the provider for SpawnerBlockProvider
[00:43:44] [Server thread/INFO]: [Essentials] Selected Paper Biome Key Provider as the provider for BiomeKeyProvider
[00:43:44] [Server thread/INFO]: [Essentials] Selected 1.13+ Spawn Egg Provider as the provider for SpawnEggProvider
[00:43:44] [Server thread/INFO]: [Essentials] Selected 1.21.4+ Sync Commands Provider as the provider for SyncCommandsProvider
[00:43:44] [Server thread/INFO]: [Essentials] Selected Paper Material Tag Provider as the provider for MaterialTagProvider
[00:43:44] [Server thread/INFO]: [Essentials] Selected 1.14+ Sign Data Provider as the provider for SignDataProvider
[00:43:44] [Server thread/INFO]: [Essentials] Selected 1.20.5+ Banner Data Provider as the provider for BannerDataProvider
[00:43:44] [Server thread/INFO]: [Essentials] Selected 1.21+ InventoryView Interface ABI Provider as the provider for InventoryViewProvider
[00:43:44] [Server thread/INFO]: [Essentials] Selected Paper Container Provider as the provider for ContainerProvider
[00:43:44] [Server thread/INFO]: [Essentials] Loaded 45989 items from items.json.
[00:43:44] [Server thread/INFO]: [Essentials] Using locale en
[00:43:45] [Server thread/INFO]: [Essentials] ServerListPingEvent: Spigot iterator API
[00:43:45] [Server thread/INFO]: [Essentials] Starting Metrics. Opt-out using the global bStats config.
[00:43:45] [Server thread/INFO]: [Vault] [Economy] Essentials Economy hooked.
[00:43:45] [Server thread/INFO]: [Essentials] Using Vault based permissions (LuckPerms)
[00:43:45] [Server thread/INFO]: [TheAssistant] Enabling TheAssistant v4.0.2
[00:43:47] [Server thread/INFO]: New Version Format found: 1.21.8
[00:43:47] [Server thread/INFO]: [TheAssistant] Successfully recognized MC Version 1.21.8 mapped with version V1_21_R5
[00:43:47] [Server thread/INFO]: [TheAssistant] Successfully recognized Version V1_21_R5
[00:43:47] [Server thread/INFO]: New Version Format found: 1.21.8
[00:43:47] [Server thread/INFO]: [TheAssistant] Successfully recognized MC Version 1.21.8 mapped with version V1_21_R5
[00:43:47] [Server thread/INFO]: [TheAssistant] Successfully recognized Version V1_21_R5
[00:43:47] [Server thread/INFO]: [TheMinions] Enabling TheMinions v3.70.0
[00:43:48] [Server thread/INFO]: Environment: Environment[sessionHost=https://sessionserver.mojang.com, servicesHost=https://api.minecraftservices.com, name=PROD]
[00:43:49] [Server thread/ERROR]: [TheAssistant] [STDERR] Loading class `com.mysql.jdbc.Driver'. This is deprecated. The new driver class is `com.mysql.cj.jdbc.Driver'. The driver is automatically registered via the SPI and manual loading of the driver class is generally unnecessary.
[00:43:49] [Server thread/WARN]: Nag author(s): '[QualityPlus]' of 'TheAssistant v4.0.2' about their usage of System.out/err.print. Please use your plugin's logger instead (JavaPlugin#getLogger).
[00:43:49] [Server thread/ERROR]: [TheAssistant] [STDERR] SLF4J: No SLF4J providers were found.
[00:43:49] [Server thread/ERROR]: [TheAssistant] [STDERR] SLF4J: Defaulting to no-operation (NOP) logger implementation
[00:43:49] [Server thread/ERROR]: [TheAssistant] [STDERR] SLF4J: See https://www.slf4j.org/codes.html#noProviders for further details.
[00:43:50] [Server thread/INFO]: [Multiverse-Portals] Enabling Multiverse-Portals v5.1.1
[00:43:51] [Server thread/INFO]: [Multiverse-Portals] 0 - Portals(s) loaded
[00:43:51] [Server thread/INFO]: [Multiverse-Portals] Found WorldEdit. Using it for selections.
[00:43:51] [Server thread/INFO]: [Multiverse-Portals 5.1.1]  Enabled - By Rigby, fernferret and benwoo1110
[00:43:51] [Server thread/INFO]: [EcoArmor] Enabling EcoArmor v8.73.0
[00:43:51] [Server thread/INFO]: [EcoArmor] Loading EcoArmor
[00:43:51] [Server thread/INFO]: [PlaceholderAPI] Successfully registered internal expansion: ecoarmor [8.73.0]
[00:43:51] [Server thread/INFO]: [TheSkills] Enabling TheSkills v3.70.0
[00:43:52] [Server thread/INFO]: [TheSkills] Successfully hooked into TheMinions!
[00:43:52] [Server thread/INFO]: [BrunoCore] Enabling BrunoCore v1.0
[00:43:52] [Server thread/INFO]: [BrunoCore] --- Iniciando BrunoCore ---
[00:43:52] [Server thread/INFO]: [BrunoCore] ¡BrunoCore cargado correctamente!
[00:43:52] [Server thread/INFO]: [ForcePack] Enabling ForcePack v1.3.74-SNAPSHOT
[00:43:52] [Server thread/INFO]: [ForcePack] Generated en_gb.yml
[00:43:52] [Server thread/INFO]: [ForcePack] Generated es_es.yml
[00:43:52] [Server thread/INFO]: [ForcePack] Generated zh_cn.yml
[00:43:52] [Server thread/INFO]: [ForcePack] Generated zh_tw.yml
[00:43:54] [Server thread/INFO]: [ForcePack] Performing version size check...
[00:43:54] [Server thread/INFO]: 1.8-1.15 (50 MB): Supported.
[00:43:54] [Server thread/INFO]: 1.16-1.17 (100 MB): Supported.
[00:43:54] [Server thread/INFO]: 1.18+ (250 MB): Supported.
[00:43:54] [Server thread/INFO]: Hash verification complete.
[00:43:54] [Server thread/INFO]: [ForcePack] Generated resource pack (https://download.mc-packs.net/pack/ee1fd9333eec2437e60e9793fb43555e2d83a934.zip#ee1fd9333eec2437e60e9793fb43555e2d83a934) for version all with id f6b45ed3-f488-3170-ad8e-6447059a23ae
[00:43:54] [Server thread/INFO]: [ForcePack] Completed loading resource packs.
[00:43:54] [Server thread/INFO]: [TheAuction] Enabling TheAuction v3.70.0
[00:43:55] [Server thread/INFO]: [Multiverse-NetherPortals] Enabling Multiverse-NetherPortals v5.0.3
[00:43:55] [Server thread/INFO]: [Multiverse-NetherPortals 5.0.3]  Enabled - By Rigby, fernferret and benwoo1110
[00:43:55] [Server thread/INFO]: [EntityLimiter] Enabling EntityLimiter v1.0.1
[00:43:55] [Server thread/INFO]: [EntityLimiter] Loaded limit for MINECART: 1
[00:43:55] [Server thread/INFO]: [EntityLimiter] Loaded limit for CHEST_MINECART: 1
[00:43:55] [Server thread/INFO]: [EntityLimiter] Loaded limit for COMMAND_BLOCK_MINECART: 1
[00:43:55] [Server thread/INFO]: [EntityLimiter] Loaded limit for FURNACE_MINECART: 1
[00:43:55] [Server thread/INFO]: [EntityLimiter] Loaded limit for HOPPER_MINECART: 1
[00:43:55] [Server thread/INFO]: [EntityLimiter] Loaded limit for SPAWNER_MINECART: 1
[00:43:55] [Server thread/INFO]: [EntityLimiter] Loaded limit for TNT_MINECART: 1
[00:43:55] [Server thread/INFO]: [EntityLimiter] Loaded limit for CHEST_MINECART: 1
[00:43:55] [Server thread/WARN]: [EntityLimiter] Invalid entity type in config: COMMAND_LOCK_MINECART
[00:43:55] [Server thread/INFO]: [EntityLimiter] Loaded limit for FURNACE_MINECART: 1
[00:43:55] [Server thread/INFO]: [EntityLimiter] Loaded limit for HOPPER_MINECART: 1
[00:43:55] [Server thread/WARN]: [EntityLimiter] Invalid entity type in config: MOB_SPAWNER_MINECART
[00:43:55] [Server thread/INFO]: [EntityLimiter] Loaded limit for TNT_MINECART: 1
[00:43:55] [Server thread/INFO]: [EntityLimiter] Loaded limit for ITEM: 64
[00:43:55] [Server thread/INFO]: [EntityLimiter] Loaded limit for ITEM: 64
[00:43:55] [Server thread/INFO]: [EntityLimiter] Loaded limit for ARMOR_STAND: 16
[00:43:55] [Server thread/INFO]: [EntityLimiter] Loaded limit for ITEM_FRAME: 256
[00:43:55] [Server thread/INFO]: [EntityLimiter] Loaded limit for PAINTING: 128
[00:43:55] [Server thread/INFO]: [EntityLimiter] Loaded limit for END_CRYSTAL: 2
[00:43:55] [Server thread/INFO]: [EntityLimiter] EntityLimiter has been enabled!
[00:43:55] [Server thread/INFO]: [WorldGuardExtraFlags] Enabling WorldGuardExtraFlags v4.2.4-SNAPSHOT
[00:43:55] [Server thread/INFO]: [WorldGuard] Registering session handler net.goldtreeservers.worldguardextraflags.wg.handlers.TeleportOnEntryFlagHandler
[00:43:55] [Server thread/INFO]: [WorldGuard] Registering session handler net.goldtreeservers.worldguardextraflags.wg.handlers.TeleportOnExitFlagHandler
[00:43:55] [Server thread/INFO]: [WorldGuard] Registering session handler net.goldtreeservers.worldguardextraflags.wg.handlers.WalkSpeedFlagHandler
[00:43:55] [Server thread/INFO]: [WorldGuard] Registering session handler net.goldtreeservers.worldguardextraflags.wg.handlers.FlySpeedFlagHandler
[00:43:55] [Server thread/INFO]: [WorldGuard] Registering session handler net.goldtreeservers.worldguardextraflags.wg.handlers.FlyFlagHandler
[00:43:55] [Server thread/INFO]: [WorldGuard] Registering session handler net.goldtreeservers.worldguardextraflags.wg.handlers.GlideFlagHandler
[00:43:55] [Server thread/INFO]: [WorldGuard] Registering session handler net.goldtreeservers.worldguardextraflags.wg.handlers.GodmodeFlagHandler
[00:43:55] [Server thread/INFO]: [WorldGuard] Registering session handler net.goldtreeservers.worldguardextraflags.wg.handlers.PlaySoundsFlagHandler
[00:43:55] [Server thread/INFO]: [WorldGuard] Registering session handler net.goldtreeservers.worldguardextraflags.wg.handlers.BlockedEffectsFlagHandler
[00:43:55] [Server thread/INFO]: [WorldGuard] Registering session handler net.goldtreeservers.worldguardextraflags.wg.handlers.GiveEffectsFlagHandler
[00:43:55] [Server thread/INFO]: [WorldGuard] Registering session handler net.goldtreeservers.worldguardextraflags.wg.handlers.CommandOnEntryFlagHandler
[00:43:55] [Server thread/INFO]: [WorldGuard] Registering session handler net.goldtreeservers.worldguardextraflags.wg.handlers.CommandOnExitFlagHandler
[00:43:55] [Server thread/INFO]: [WorldGuard] Registering session handler net.goldtreeservers.worldguardextraflags.wg.handlers.ConsoleCommandOnEntryFlagHandler
[00:43:55] [Server thread/INFO]: [WorldGuard] Registering session handler net.goldtreeservers.worldguardextraflags.wg.handlers.ConsoleCommandOnExitFlagHandler
[00:43:55] [Server thread/INFO]: [StaffPlusPlus] Enabling StaffPlusPlus v1.21.17
[00:43:59] [Server thread/INFO]: [StaffPlusPlus] Using SQLITE storage
[00:44:00] [Server thread/INFO]: [StaffPlusPlus] Hooked into PlaceholderAPI 2.11.7
[00:44:00] [Server thread/INFO]: [StaffPlusPlus] Vault found. Permissions will be handled by Vault
[00:44:00] [Server thread/INFO]: [StaffPlusPlus] No styles directory present
[00:44:00] [Server thread/INFO]: [StaffPlusPlus] Hooked into PlaceholderAPI 2.11.7
[00:44:00] [Server thread/INFO]: [StaffPlusPlus] Luckperms enabled
[00:44:00] [Server thread/INFO]: [StaffPlusPlus] Registering 'StaffMode' calculator.
[00:44:00] [Server thread/INFO]: [StaffPlusPlus] Registering 'Frozen' calculator.
[00:44:00] [Server thread/INFO]: [StaffPlusPlus] Registering 'Vanished' calculator.
[00:44:00] [Server thread/INFO]: [StaffPlusPlus] Staff++ has been enabled!
[00:44:00] [Server thread/INFO]: [StaffPlusPlus] Plugin created by Shortninja continued by Qball - Revisited by Garagepoort
[00:44:00] [Server thread/INFO]: [UltimateShop] Enabling UltimateShop v3.13.6
[00:44:00] [Server thread/INFO]: [UltimateShop] Paper is found, entering Paper plugin mode...!
[00:44:00] [Server thread/INFO]: [UltimateShop] PREMIUM version found, thanks for your support and we hope you have good experience with this plugin!
[00:44:00] [Server thread/INFO]: [UltimateShop] Loaded shop: flowers.yml!
[00:44:00] [Server thread/INFO]: [UltimateShop] Loaded shop: example.yml!
[00:44:01] [Server thread/INFO]: [UltimateShop] Loaded shop: logs.yml!
[00:44:01] [Server thread/INFO]: [UltimateShop] Loaded shop: special.yml!
[00:44:01] [Server thread/INFO]: [UltimateShop] Loaded shop: blocks2.yml!
[00:44:01] [Server thread/INFO]: [UltimateShop] Loaded shop: minerals.yml!
[00:44:01] [Server thread/INFO]: [UltimateShop] Loaded shop: fish.yml!
[00:44:01] [Server thread/INFO]: [UltimateShop] Loaded shop: drops.yml!
[00:44:01] [Server thread/INFO]: [UltimateShop] Loaded shop: daily.yml!
[00:44:01] [Server thread/INFO]: [UltimateShop] Loaded shop: redstone.yml!
[00:44:01] [Server thread/INFO]: [UltimateShop] Loaded shop: farming.yml!
[00:44:01] [Server thread/INFO]: [UltimateShop] Loaded shop: blocks.yml!
[00:44:01] [Server thread/INFO]: [UltimateShop] Loaded shop: wools.yml!
[00:44:01] [Server thread/INFO]: [UltimateShop] Loaded shop: terracottas.yml!
[00:44:01] [Server thread/INFO]: [UltimateShop] Loaded shop: concretes.yml!
[00:44:01] [Server thread/INFO]: [UltimateShop] Loaded shop: glass.yml!
[00:44:01] [Server thread/INFO]: [UltimateShop] Loaded shop: transport.yml!
[00:44:01] [Server thread/INFO]: [UltimateShop] Loaded menu: main.yml!
[00:44:01] [Server thread/INFO]: [UltimateShop] Loaded random placeholder: daily.yml!
[00:44:01] [Server thread/INFO]: [UltimateShop] Added element A for random placeholder: rate_example.yml!
[00:44:01] [Server thread/INFO]: [UltimateShop] Added element B for random placeholder: rate_example.yml!
[00:44:01] [Server thread/INFO]: [UltimateShop] Added element C for random placeholder: rate_example.yml!
[00:44:01] [Server thread/INFO]: [UltimateShop] Added element D for random placeholder: rate_example.yml!
[00:44:01] [Server thread/INFO]: [UltimateShop] Added element E for random placeholder: rate_example.yml!
[00:44:01] [Server thread/INFO]: [UltimateShop] Added element F for random placeholder: rate_example.yml!
[00:44:01] [Server thread/INFO]: [UltimateShop] Added element G for random placeholder: rate_example.yml!
[00:44:01] [Server thread/INFO]: [UltimateShop] Loaded random placeholder: rate_example.yml!
[00:44:01] [Server thread/INFO]: [UltimateShop] Loaded random placeholder: reset.yml!
[00:44:01] [Server thread/INFO]: [UltimateShop] Loaded conditional placeholder: example.yml!
[00:44:01] [Server thread/INFO]: [UltimateShop] Loaded conditional placeholder: buy.yml!
[00:44:01] [Server thread/INFO]: [UltimateShop] Loaded conditional placeholder: sell.yml!
[00:44:01] [Server thread/INFO]: [UltimateShop] Loaded sell stick: A.yml!
[00:44:01] [Server thread/INFO]: [UltimateShop] Loaded sell stick: B.yml!
[00:44:01] [Server thread/INFO]: [UltimateShop] Loaded sell stick: C.yml!
[00:44:01] [Server thread/INFO]: [UltimateShop] Hooking into WorldGuard...
[00:44:01] [Server thread/INFO]: [UltimateShop] Hooking into PlaceholderAPI...
[00:44:01] [Server thread/INFO]: [PlaceholderAPI] Successfully registered internal expansion: ultimateshop [1.2.0]
[00:44:01] [Server thread/INFO]: [UltimateShop] Finished hook!
[00:44:01] [Server thread/INFO]: [UltimateShop] Hooking into Vault...
[00:44:01] [Server thread/INFO]: [UltimateShop] Hooking into UltraEconomy...
[00:44:01] [Server thread/INFO]: [UltimateShop] Hooking into EcoArmor...
[00:44:01] [Server thread/INFO]: [UltimateShop] Hooking into eco...
[00:44:01] [Server thread/INFO]: [UltimateShop] New AuthLib found, enabled new skull get method!
[00:44:01] [Server thread/INFO]: [UltimateShop] Your Minecraft version is: 1.21.8!
[00:44:01] [Server thread/INFO]: [UltimateShop] Plugin is loaded. Author: PQguanfang.
[00:44:01] [Server thread/INFO]: [AdvancedBan] Enabling AdvancedBan v2.3.0
[00:44:01] [Server thread/INFO]: [me.leoko.advancedban.shaded.com.zaxxer.hikari.HikariDataSource] HikariPool-1 - Starting...
[00:44:02] [Server thread/INFO]: [me.leoko.advancedban.shaded.com.zaxxer.hikari.pool.PoolBase] HikariPool-1 - Driver does not support get/set network timeout for connections. (feature not supported)
[00:44:02] [Server thread/INFO]: [me.leoko.advancedban.shaded.com.zaxxer.hikari.HikariDataSource] HikariPool-1 - Start completed.
[00:44:02] [Server thread/INFO]: [AdvancedBan] [STDOUT] AdvancedBan >> Failed to register command ipban
[00:44:02] [Server thread/WARN]: Nag author(s): '[Leoko]' of 'AdvancedBan v2.3.0' about their usage of System.out/err.print. Please use your plugin's logger instead (JavaPlugin#getLogger).
[00:44:02] [Server thread/INFO]: [AdvancedBan] [STDOUT] AdvancedBan >> Failed to register command tempmute
[00:44:02] [Server thread/INFO]: [AdvancedBan] [STDOUT] AdvancedBan >> Failed to register command warn
[00:44:02] [Server thread/INFO]: [AdvancedBan] [STDOUT] AdvancedBan >> Failed to register command note
[00:44:02] [Server thread/INFO]: [AdvancedBan] [STDOUT] AdvancedBan >> Failed to register command unmute
[00:44:02] [Server thread/INFO]: [AdvancedBan] [STDOUT] AdvancedBan >> Failed to register command warns
[00:44:02] [Server thread/INFO]: [AdvancedBan] [STDOUT] AdvancedBan >> Failed to register command notes
[00:44:02] [Server thread/INFO]: 
 
[]=====[Enabling AdvancedBan]=====[]
| Information:
|   Name: AdvancedBan
|   Developer: Leoko
|   Version: 2.3.0
|   Storage: HSQLDB (local)
| Support:
|   Github: https://github.com/DevLeoko/AdvancedBan/issues
|   Discord: https://discord.gg/ycDG6rS
| Twitter: @LeokoGar
| Update:
|   You have the newest version
[]================================[]
 
[00:44:02] [Server thread/INFO]: [ItemEdit] Enabling ItemEdit v3.7.7
[00:44:02] [Server thread/INFO]: [ItemEdit] Hooking into MiniMessageAPI see https://webui.advntr.dev/
[00:44:02] [Server thread/INFO]: [ItemEdit] Selected Storage Type: YAML
[00:44:02] [Server thread/INFO]: [ItemEdit] Hooking into Vault
[00:44:02] [Server thread/INFO]: [ItemEdit] Hooking into PlaceHolderAPI
[00:44:02] [Server thread/INFO]: [ItemEdit] placeholders:
[00:44:02] [Server thread/INFO]: [ItemEdit]   %itemedit_amount_<{itemid}>_[{slot}]_[{player}]%
[00:44:02] [Server thread/INFO]: [ItemEdit]     shows how many itemid player has on slot
[00:44:02] [Server thread/INFO]: [ItemEdit]     <{itemid}> for item id on serveritem
[00:44:02] [Server thread/INFO]: [ItemEdit]     [{slot}] for the slot where the item should be counted, by default inventory
[00:44:02] [Server thread/INFO]: [ItemEdit]       Values: inventory (include offhand), equip (include offhand), inventoryandequip (include offhand), hand, offhand, head, chest, legs, feet
[00:44:02] [Server thread/INFO]: [ItemEdit]     [{player}] for the player, by default self
[00:44:02] [Server thread/INFO]: [ItemEdit]     example: %itemedit_amount_{my_item_id}_{hand}%
[00:44:02] [Server thread/INFO]: [PlaceholderAPI] Successfully registered internal expansion: itemedit [1.0]
[00:44:02] [Server thread/INFO]: [ItemEdit] # Enabled (took 417 ms)
[00:44:02] [Server thread/INFO]: [ThePets] Enabling ThePets v3.70.0
[00:44:03] [Server thread/INFO]: [ThePets] TheSkills Plugin hook created for stats!
[00:44:03] [Server thread/INFO]: [ThePets] Plugin has loaded 24 Pets from database!
[00:44:03] [Server thread/INFO]: [EssentialsSpawn] Enabling EssentialsSpawn v2.22.0-dev+47-faa02b5
[00:44:03] [Server thread/INFO]: [EssentialsSpawn] Starting Metrics. Opt-out using the global bStats config.
[00:44:03] [Server thread/INFO]: [AxChatGames] Enabling AxChatGames v1.3.1
[00:44:03] [Server thread/INFO]: [com.j256.ormlite.table.TableUtils] creating table 'axchatgames_users'
[00:44:04] [Server thread/INFO]: [com.j256.ormlite.table.TableUtils] executed create table statement changed 0 rows: CREATE TABLE IF NOT EXISTS `axchatgames_users` (`id` INTEGER PRIMARY KEY AUTOINCREMENT , `uuid` VARCHAR NOT NULL , `name` VARCHAR NOT NULL , `enabled` BOOLEAN DEFAULT 1 NOT NULL ) 
[00:44:04] [Server thread/INFO]: [com.j256.ormlite.table.TableUtils] creating table 'axchatgames_games'
[00:44:04] [Server thread/INFO]: [com.j256.ormlite.table.TableUtils] executed create table statement changed 0 rows: CREATE TABLE IF NOT EXISTS `axchatgames_games` (`id` INTEGER PRIMARY KEY AUTOINCREMENT , `game` INTEGER NOT NULL , `winner_id` INTEGER NOT NULL , `time` BIGINT , `date` BIGINT ) 
[00:44:04] [Server thread/INFO]: [AxChatGames] Hooked into PlaceholderAPI!
[00:44:04] [Server thread/INFO]: [PlaceholderAPI] Successfully registered internal expansion: axchatgames [1.3.1]
[00:44:04] [Server thread/INFO]: [EssentialsChat] Enabling EssentialsChat v2.22.0-dev+47-faa02b5
[00:44:04] [Server thread/INFO]: [EssentialsChat] Starting Metrics. Opt-out using the global bStats config.
[00:44:04] [Server thread/INFO]: [CoreProtect] Enabling CoreProtect v23.0
[00:44:04] [Server thread/INFO]: [CoreProtect] CoreProtect Community Edition has been successfully enabled! 
[00:44:04] [Server thread/INFO]: [CoreProtect] Using SQLite for data storage.
[00:44:04] [Server thread/INFO]: --------------------
[00:44:04] [Server thread/INFO]: [CoreProtect] Enjoy CoreProtect? Join our Discord!
[00:44:04] [Server thread/INFO]: [CoreProtect] Discord: www.coreprotect.net/discord/
[00:44:04] [Server thread/INFO]: --------------------
[00:44:04] [Server thread/INFO]: [ConditionalEvents] Enabling ConditionalEvents v4.72.2
[00:44:04] [Server thread/INFO]: [PlaceholderAPI] Successfully registered internal expansion: conditionalevents [4.72.2]
[00:44:04] [Server thread/INFO]: [ConditionalEvents] Has been enabled! Version: 4.72.2
[00:44:05] [Server thread/INFO]: [ConditionalEvents] Thanks for using my plugin!   ~Ajneb97
[00:44:05] [Server thread/INFO]: [libreforge] Enabling libreforge v4.74.0
[00:44:05] [Server thread/INFO]: [libreforge] Loading libreforge
[00:44:05] [Server thread/INFO]: [PlaceholderAPI] Successfully registered internal expansion: libreforge [4.74.0]
[00:44:05] [Server thread/INFO]: [libreforge] Loaded integrations: Vault, WorldGuard
[00:44:05] [Server thread/INFO]: [libreforge] 
[00:44:05] [Server thread/INFO]: [libreforge] Hey, what's this plugin doing here? I didn't install it!
[00:44:05] [Server thread/INFO]: [libreforge] libreforge is the effects system for plugins like EcoEnchants,
[00:44:05] [Server thread/INFO]: [libreforge] EcoJobs, EcoItems, etc. If you're looking for config options for
[00:44:05] [Server thread/INFO]: [libreforge] things like cooldown messages, lrcdb, and stuff like that, you'll
[00:44:05] [Server thread/INFO]: [libreforge] find it under /plugins/libreforge
[00:44:05] [Server thread/INFO]: [libreforge] 
[00:44:05] [Server thread/INFO]: [libreforge] Don't worry about updating libreforge, it's handled automatically!
[00:44:05] [Server thread/INFO]: [libreforge] 
[00:44:05] [Server thread/INFO]: [spark] Starting background profiler...
[00:44:06] [Server thread/INFO]: [PlaceholderAPI] Placeholder expansion registration initializing...
[00:44:06] [Server thread/INFO]: Done preparing level "spawn" (32.175s)
[00:44:06] [Server thread/INFO]: Running delayed init tasks
[00:44:06] [Craft Scheduler Thread - 7 - ViaVersion/INFO]: [ViaVersion] Finished mapping loading, shutting down loader executor.
[00:44:06] [Server thread/INFO]: [Essentials] Essentials found a compatible payment resolution method: Vault Compatibility Layer (v1.7.3-b131)!
[00:44:06] [Craft Scheduler Thread - 8 - Essentials/INFO]: [Essentials] Fetching version information...
[00:44:06] [Craft Scheduler Thread - 18 - Vault/INFO]: [Vault] Checking for Updates ... 
[00:44:06] [Craft Scheduler Thread - 11 - TheAssistant/INFO]: [TheAssistant] Successfully hooked into PlaceholderAPI!
[00:44:06] [Craft Scheduler Thread - 11 - TheAssistant/INFO]: [TheAssistant] Successfully hooked into Vault!
[00:44:06] [Craft Scheduler Thread - 11 - TheAssistant/INFO]: [TheAssistant] Successfully hooked into World Guard 7!
[00:44:06] [Craft Scheduler Thread - 11 - TheAssistant/INFO]: [TheAssistant] Successfully hooked into World Edit 7!
[00:44:06] [Craft Scheduler Thread - 10 - TheAssistant/INFO]: [TheAssistant] Successfully loaded Database Drivers
[00:44:06] [Craft Scheduler Thread - 15 - TheAuction/INFO]: [TheAuction] Loaded 0 Auctions!
[00:44:06] [Craft Scheduler Thread - 9 - EcoArmor/WARN]: [EcoArmor] EcoArmor is out of date! (Version 8.73.0)
[00:44:06] [Craft Scheduler Thread - 9 - EcoArmor/WARN]: [EcoArmor] The newest version is 8.78.0
[00:44:06] [Craft Scheduler Thread - 9 - EcoArmor/WARN]: [EcoArmor] Download the new version!
[00:44:06] [Craft Scheduler Thread - 18 - Vault/INFO]: [Vault] No new version available
[00:44:06] [Craft Scheduler Thread - 12 - ItemEdit/INFO]: [ItemEdit] NEW UPDATE (3.7.7 -> 3.7.8) available at https://modrinth.com/plugin/itemedit/version/latest
[00:44:06] [Server thread/INFO]: [CoreProtect] WorldEdit logging successfully initialized.
[00:44:06] [Craft Scheduler Thread - 8 - Essentials/WARN]: [Essentials] You're 1 EssentialsX dev build(s) out of date!
[00:44:06] [Craft Scheduler Thread - 8 - Essentials/WARN]: [Essentials] Download it here: https://essentialsx.net/downloads.html
[00:44:07] [OkHttp https://staffplusplus.org/.../INFO]: Your Staff++ version is up to date!
[00:44:07] [Craft Scheduler Thread - 4 - UltraEconomy/INFO]: [UltraEconomy] Translations successfully loaded & applied (37 Translation files found)
[00:44:07] [Thread-22/INFO]: --------------------
[00:44:07] [Thread-22/INFO]: [CoreProtect] Version 23.1 is now available.
[00:44:07] [Thread-22/INFO]: [CoreProtect] Download: www.coreprotect.net/download/
[00:44:07] [Thread-22/INFO]: --------------------
[00:44:07] [Server thread/INFO]: [ThePets] Registered 2 Pet Categories!
[00:44:07] [Server thread/INFO]: [ThePets] Successfully loaded custom pet with id slime!
[00:44:08] [Server thread/INFO]: [ThePets] Successfully loaded custom pet with id monkey!
[00:44:08] [Server thread/INFO]: [ThePets] Successfully loaded custom pet with id bee!
[00:44:08] [Server thread/INFO]: [ThePets] Successfully loaded custom pet with id chicken!
[00:44:08] [Server thread/INFO]: [ThePets] Successfully loaded custom pet with id penguin!
[00:44:08] [Server thread/INFO]: [ThePets] Successfully loaded custom pet with id golem!
[00:44:08] [Server thread/INFO]: [ThePets] Successfully loaded custom pet with id bat!
[00:44:08] [Server thread/INFO]: [ThePets] Plugin has registered in total 8 Pets!
[00:44:08] [Server thread/WARN]: [ViaVersion] There is a newer plugin version available: 5.6.0, you're on: 5.5.0
[00:44:08] [Server thread/INFO]: Done (72.341s)! For help, type "help"
[00:44:08] [Server thread/WARN]: Can't keep up! Is the server overloaded? Running 2734ms or 54 ticks behind
[00:44:09] [Server thread/INFO]: [eco] Loaded eco
[00:44:09] [Server thread/INFO]: [EcoArmor] Loaded EcoArmor
[00:44:09] [User Authenticator #0/INFO]: UUID of player Bruno240707 is 26ed0e51-3dbb-3950-b9ae-1b7db8ac61c6
[00:44:09] [User Authenticator #1/INFO]: UUID of player Bruno240707 is 26ed0e51-3dbb-3950-b9ae-1b7db8ac61c6
[00:44:09] [Server thread/INFO]: [libreforge] Loaded libreforge
[00:44:10] [Server thread/INFO]: 0 placeholder hook(s) registered!
[00:44:10] [Server thread/INFO]: [HorriblePlayerLoginEventHack] You have plugins listening to the PlayerLoginEvent, this will cause re-configuration APIs to be unavailable: [eco, LuckPerms, UltimateShop, UltraEconomy, ProtocolLib, WorldGuard]
[00:44:10] [Server thread/INFO]: Bruno240707 (/127.19.211.102:59411) lost connection: Disconnected
[00:44:10] [Server thread/INFO]: [TheMinions] Plugin has loaded 0 minions from database!
[00:44:11] [Craft Scheduler Thread - 4 - TheSkills/INFO]: [TheSkills] Registered 10 Stats!
[00:44:11] [Craft Scheduler Thread - 12 - TheSkills/INFO]: [TheSkills] Registered 12 Skills!
[00:44:11] [Craft Scheduler Thread - 8 - TheSkills/INFO]: [TheSkills] Registered 22 Perks!
[00:44:13] [Server thread/WARN]: [Essentials] Permissions lag notice with (LuckPermsHandler). Response took 47.522846ms. Summary: Getting prefix for Bruno240707
[00:44:13] [Server thread/INFO]: [Staff] Bruno240707 joined the server
[00:44:13] [Server thread/INFO]: Bruno240707[/127.19.211.102:40033] logged in with entity id 234 at ([mina]187.83028252312442, 27.0, 170.08374956363014)
[00:44:14] [Server thread/INFO]: Gave 1 [Coal] to Bruno240707
[00:44:14] [Server thread/INFO]: [PlaceholderAPI] Successfully registered internal expansion: thecore [4.0.2]
[00:44:17] [Server thread/INFO]: [UltimateShop] Auto saving data...
[00:44:17] [Server thread/INFO]: [UltimateShop] If this lead to server TPS drop, you should consider disable auto save feature at config.yml!
[00:44:43] [Server thread/INFO]: Bruno240707 issued server command: /ah
[00:44:46] [Server thread/INFO]: Bruno240707 issued server command: /ah
[00:44:53] [Server thread/INFO]: Gave 1 [Coal] to Bruno240707
[00:45:02] [Server thread/INFO]: Bruno240707 issued server command: /ah
[00:45:47] [Server thread/INFO]: Gave 1 [Coal] to Bruno240707
[00:49:17] [Server thread/INFO]: [UltimateShop] Auto saving data...
[00:49:17] [Server thread/INFO]: [UltimateShop] If this lead to server TPS drop, you should consider disable auto save feature at config.yml!
[00:53:25] [Server thread/INFO]: Gave 1 [Coal] to Bruno240707
[00:53:31] [Server thread/INFO]: Bruno240707 issued server command: /gamemode creative
[00:54:00] [Server thread/INFO]: Bruno240707 issued server command: /shop
[00:54:13] [Server thread/INFO]: Bruno240707 issued server command: /balance
[00:54:15] [Server thread/INFO]: Bruno240707 issued server command: /money
[00:54:17] [Server thread/INFO]: [UltimateShop] Auto saving data...
[00:54:17] [Server thread/INFO]: [UltimateShop] If this lead to server TPS drop, you should consider disable auto save feature at config.yml!
[00:54:19] [Server thread/INFO]: Bruno240707 issued server command: /shop
[00:54:50] [Server thread/INFO]: Bruno240707 issued server command: /money
[00:54:55] [Server thread/INFO]: Bruno240707 issued server command: /shop
[00:58:11] [Server thread/INFO]: Bruno240707 lost connection: Disconnected
[00:58:11] [Server thread/INFO]: Gave 1 [Coal] to Bruno240707
[00:58:11] [Server thread/INFO]: Bruno240707 left the game
[00:58:11] [Server thread/INFO]: Stopping server
[00:58:11] [Server thread/INFO]: [libreforge] Disabling libreforge v4.74.0
[00:58:11] [Server thread/INFO]: [libreforge] Cleaning up...
[00:58:11] [Server thread/INFO]: [ConditionalEvents] Disabling ConditionalEvents v4.72.2
[00:58:11] [Server thread/INFO]: [ConditionalEvents] Has been disabled! Version: 4.72.2
[00:58:11] [Server thread/INFO]: [CoreProtect] Disabling CoreProtect v23.0
[00:58:11] [Server thread/INFO]: [CoreProtect] Finishing up data logging. Please wait...
[00:58:12] [Server thread/INFO]: [CoreProtect] Success! Disabled CoreProtect v23.0
[00:58:12] [Server thread/INFO]: [EssentialsChat] Disabling EssentialsChat v2.22.0-dev+47-faa02b5
[00:58:12] [Server thread/INFO]: [AxChatGames] Disabling AxChatGames v1.3.1
[00:58:12] [Server thread/INFO]: [SkinsRestorer] Disabling SkinsRestorer v15.9.1
[00:58:12] [Server thread/INFO]: [PlugManX] Disabling PlugManX v3.0.2
[00:58:12] [Server thread/INFO]: [EssentialsSpawn] Disabling EssentialsSpawn v2.22.0-dev+47-faa02b5
[00:58:12] [Server thread/INFO]: [ThePets] Disabling ThePets v3.70.0
[00:58:12] [Server thread/INFO]: [ThePets] Plugin has saved 24 pets to database!
[00:58:12] [Server thread/INFO]: [ThePets] Plugin has saved 1 users to database!
[00:58:12] [Server thread/INFO]: [ItemEdit] Disabling ItemEdit v3.7.7
[00:58:12] [Server thread/INFO]: [PlaceholderAPI] Unregistered placeholder expansion itemedit
[00:58:12] [Server thread/INFO]: [PlaceholderAPI] Reason: required plugin ItemEdit was disabled.
[00:58:12] [Server thread/INFO]: [AdvancedBan] Disabling AdvancedBan v2.3.0
[00:58:12] [Server thread/INFO]: [hsqldb.db.HSQLDB9B15B013BA.ENGINE] Database closed
[00:58:12] [Server thread/INFO]: [me.leoko.advancedban.shaded.com.zaxxer.hikari.HikariDataSource] HikariPool-1 - Shutdown initiated...
[00:58:12] [Server thread/INFO]: [me.leoko.advancedban.shaded.com.zaxxer.hikari.HikariDataSource] HikariPool-1 - Shutdown completed.
[00:58:12] [Server thread/INFO]: 
 
[]=====[Disabling AdvancedBan]=====[]
| Information:
|   Name: AdvancedBan
|   Developer: Leoko
|   Version: 2.3.0
|   Storage: HSQLDB (local)
| Support:
|   Github: https://github.com/DevLeoko/AdvancedBan/issues
|   Discord: https://discord.gg/ycDG6rS
| Twitter: @LeokoGar
[]================================[]
 
[00:58:12] [Server thread/INFO]: [UltimateShop] Disabling UltimateShop v3.13.6
[00:58:12] [Server thread/INFO]: [UltimateShop] Plugin is disabled. Author: PQguanfang.
[00:58:12] [Server thread/INFO]: [StaffPlusPlus] Disabling StaffPlusPlus v1.21.17
[00:58:12] [Server thread/INFO]: [StaffPlusPlus] Staff++ is now disabling!
[00:58:12] [Server thread/INFO]: [StaffPlusPlus] Staff++ disabled!
[00:58:12] [Server thread/INFO]: [WorldGuardExtraFlags] Disabling WorldGuardExtraFlags v4.2.4-SNAPSHOT
[00:58:12] [Server thread/INFO]: [EntityLimiter] Disabling EntityLimiter v1.0.1
[00:58:12] [Server thread/INFO]: [EntityLimiter] EntityLimiter has been disabled!
[00:58:12] [Server thread/INFO]: [Multiverse-NetherPortals] Disabling Multiverse-NetherPortals v5.0.3
[00:58:12] [Server thread/INFO]: [Multiverse-NetherPortals] - Disabled
[00:58:12] [Server thread/INFO]: [TheAuction] Disabling TheAuction v3.70.0
[00:58:12] [Server thread/INFO]: [ForcePack] Disabling ForcePack v1.3.74-SNAPSHOT
[00:58:12] [Server thread/INFO]: [BrunoCore] Disabling BrunoCore v1.0
[00:58:12] [Server thread/INFO]: [BrunoCore] BrunoCore desactivado.
[00:58:12] [Server thread/INFO]: [TheSkills] Disabling TheSkills v3.70.0
[00:58:12] [Server thread/INFO]: [EcoArmor] Disabling EcoArmor v8.73.0
[00:58:12] [Server thread/INFO]: [EcoArmor] Cleaning up...
[00:58:12] [Server thread/INFO]: [Multiverse-Portals] Disabling Multiverse-Portals v5.1.1
[00:58:12] [Server thread/INFO]: [TheMinions] Disabling TheMinions v3.70.0
[00:58:12] [Server thread/INFO]: [TheMinions] Plugin has saved 0 minions to database!
[00:58:12] [Server thread/INFO]: [eco] Disabling eco v6.77.2
[00:58:12] [Server thread/INFO]: [eco] Saving player data...
[00:58:12] [Server thread/INFO]: [eco] Saved player data! Took 1ms
[00:58:12] [Server thread/INFO]: [eco] Cleaning up...
[00:58:12] [Server thread/INFO]: [TheAssistant] Disabling TheAssistant v4.0.2
[00:58:12] [Server thread/INFO]: [Essentials] Disabling Essentials v2.22.0-dev+47-faa02b5
[00:58:12] [Server thread/INFO]: [Vault] [Economy] Essentials Economy unhooked.
[00:58:12] [Server thread/INFO]: [Multiverse-Inventories] Disabling Multiverse-Inventories v5.2.2
[00:58:12] [Server thread/INFO]: [WorldGuard] Disabling WorldGuard v7.0.14+2339-43997ec
[00:58:12] [Server thread/INFO]: [WorldGuard] Shutting down executor and cancelling any pending tasks...
[00:58:12] [Server thread/INFO]: [ProtocolLib] Disabling ProtocolLib v5.4.0
[00:58:12] [Server thread/INFO]: [Multiverse-Core] Disabling Multiverse-Core v5.3.4
[00:58:12] [Server thread/INFO]: [WorldEdit] Disabling WorldEdit v7.3.17+7262-c7fbe08
[00:58:12] [Server thread/INFO]: Unregistering com.sk89q.worldedit.bukkit.BukkitServerInterface from WorldEdit
[00:58:12] [Server thread/INFO]: [VoidGen] Disabling VoidGen v2.3.4
[00:58:12] [Server thread/INFO]: [Vault] Disabling Vault v1.7.3-b131
[00:58:12] [Server thread/INFO]: [LuckPerms] Disabling LuckPerms v5.5.0
[00:58:12] [Server thread/INFO]: [LuckPerms] Starting shutdown process...
[00:58:12] [Server thread/INFO]: [LuckPerms] Closing storage...
[00:58:12] [Server thread/INFO]: [LuckPerms] Goodbye!
[00:58:12] [Server thread/INFO]: [UltraEconomy] Disabling UltraEconomy v2.10.8
[00:58:12] [Server thread/INFO]: [ViaVersion] Disabling ViaVersion v5.5.0
[00:58:12] [Server thread/INFO]: [ViaVersion] ViaVersion has been disabled; uninjected the platform and shut down the scheduler.
[00:58:12] [Server thread/INFO]: [PlaceholderAPI] Disabling PlaceholderAPI v2.11.7
[00:58:12] [Server thread/INFO]: Saving players
[00:58:12] [Server thread/INFO]: Saving worlds
[00:58:12] [Server thread/INFO]: Saving chunks for level 'ServerLevel[spawn]'/minecraft:overworld
[00:58:12] [Server thread/INFO]: [ChunkHolderManager] Waiting 60s for chunk system to halt for world 'spawn'
[00:58:12] [Server thread/INFO]: [ChunkHolderManager] Halted chunk system for world 'spawn'
[00:58:12] [Server thread/INFO]: [ChunkHolderManager] Saving all chunkholders for world 'spawn'
[00:58:12] [Server thread/INFO]: [ChunkHolderManager] Saved 0 block chunks, 95 entity chunks, 0 poi chunks in world 'spawn' in 0.04s
[00:58:12] [Server thread/INFO]: [ChunkHolderManager] Waiting 60s for chunk I/O to halt for world 'spawn'
[00:58:12] [Server thread/INFO]: [ChunkHolderManager] Halted I/O scheduler for world 'spawn'
[00:58:12] [Server thread/INFO]: Saving chunks for level 'ServerLevel[spawn_nether]'/minecraft:the_nether
[00:58:12] [Server thread/INFO]: [ChunkHolderManager] Waiting 60s for chunk system to halt for world 'spawn_nether'
[00:58:12] [Server thread/INFO]: [ChunkHolderManager] Halted chunk system for world 'spawn_nether'
[00:58:12] [Server thread/INFO]: [ChunkHolderManager] Saving all chunkholders for world 'spawn_nether'
[00:58:12] [Server thread/INFO]: [ChunkHolderManager] Saved 0 block chunks, 0 entity chunks, 0 poi chunks in world 'spawn_nether' in 0.00s
[00:58:12] [Server thread/INFO]: [ChunkHolderManager] Waiting 60s for chunk I/O to halt for world 'spawn_nether'
[00:58:12] [Server thread/INFO]: [ChunkHolderManager] Halted I/O scheduler for world 'spawn_nether'
[00:58:12] [Server thread/INFO]: Saving chunks for level 'ServerLevel[spawn_the_end]'/minecraft:the_end
[00:58:12] [Server thread/INFO]: [ChunkHolderManager] Waiting 60s for chunk system to halt for world 'spawn_the_end'
[00:58:12] [Server thread/INFO]: [ChunkHolderManager] Halted chunk system for world 'spawn_the_end'
[00:58:12] [Server thread/INFO]: [ChunkHolderManager] Saving all chunkholders for world 'spawn_the_end'
[00:58:12] [Server thread/INFO]: [ChunkHolderManager] Saved 0 block chunks, 10 entity chunks, 0 poi chunks in world 'spawn_the_end' in 0.00s
[00:58:12] [Server thread/INFO]: [ChunkHolderManager] Waiting 60s for chunk I/O to halt for world 'spawn_the_end'
[00:58:12] [Server thread/INFO]: [ChunkHolderManager] Halted I/O scheduler for world 'spawn_the_end'
[00:58:12] [Server thread/INFO]: Saving chunks for level 'ServerLevel[world]'/minecraft:world
[00:58:12] [Server thread/INFO]: [ChunkHolderManager] Waiting 60s for chunk system to halt for world 'world'
[00:58:12] [Server thread/INFO]: [ChunkHolderManager] Halted chunk system for world 'world'
[00:58:12] [Server thread/INFO]: [ChunkHolderManager] Saving all chunkholders for world 'world'
[00:58:12] [Server thread/INFO]: [ChunkHolderManager] Saved 0 block chunks, 12 entity chunks, 0 poi chunks in world 'world' in 0.01s
[00:58:12] [Server thread/INFO]: [ChunkHolderManager] Waiting 60s for chunk I/O to halt for world 'world'
[00:58:12] [Server thread/INFO]: [ChunkHolderManager] Halted I/O scheduler for world 'world'
[00:58:12] [Server thread/INFO]: Saving chunks for level 'ServerLevel[world_the_end]'/minecraft:world_the_end
[00:58:12] [Server thread/INFO]: [ChunkHolderManager] Waiting 60s for chunk system to halt for world 'world_the_end'
[00:58:12] [Server thread/INFO]: [ChunkHolderManager] Halted chunk system for world 'world_the_end'
[00:58:12] [Server thread/INFO]: [ChunkHolderManager] Saving all chunkholders for world 'world_the_end'
[00:58:12] [Server thread/INFO]: [ChunkHolderManager] Saved 0 block chunks, 31 entity chunks, 0 poi chunks in world 'world_the_end' in 0.01s
[00:58:12] [Server thread/INFO]: [ChunkHolderManager] Waiting 60s for chunk I/O to halt for world 'world_the_end'
[00:58:12] [Server thread/INFO]: [ChunkHolderManager] Halted I/O scheduler for world 'world_the_end'
[00:58:12] [Server thread/INFO]: Saving chunks for level 'ServerLevel[world_nether]'/minecraft:world_nether
[00:58:12] [Server thread/INFO]: [ChunkHolderManager] Waiting 60s for chunk system to halt for world 'world_nether'
[00:58:12] [Server thread/INFO]: [ChunkHolderManager] Halted chunk system for world 'world_nether'
[00:58:12] [Server thread/INFO]: [ChunkHolderManager] Saving all chunkholders for world 'world_nether'
[00:58:12] [Server thread/INFO]: [ChunkHolderManager] Saved 0 block chunks, 20 entity chunks, 0 poi chunks in world 'world_nether' in 0.01s
[00:58:12] [Server thread/INFO]: [ChunkHolderManager] Waiting 60s for chunk I/O to halt for world 'world_nether'
[00:58:12] [Server thread/INFO]: [ChunkHolderManager] Halted I/O scheduler for world 'world_nether'
[00:58:12] [Server thread/INFO]: Saving chunks for level 'ServerLevel[pvp]'/minecraft:pvp
[00:58:12] [Server thread/INFO]: [ChunkHolderManager] Waiting 60s for chunk system to halt for world 'pvp'
[00:58:12] [Server thread/INFO]: [ChunkHolderManager] Halted chunk system for world 'pvp'
[00:58:12] [Server thread/INFO]: [ChunkHolderManager] Saving all chunkholders for world 'pvp'
[00:58:12] [Server thread/INFO]: [ChunkHolderManager] Saved 0 block chunks, 0 entity chunks, 0 poi chunks in world 'pvp' in 0.00s
[00:58:12] [Server thread/INFO]: [ChunkHolderManager] Waiting 60s for chunk I/O to halt for world 'pvp'
[00:58:12] [Server thread/INFO]: [ChunkHolderManager] Halted I/O scheduler for world 'pvp'
[00:58:12] [Server thread/INFO]: Saving chunks for level 'ServerLevel[mina]'/minecraft:mina
[00:58:12] [Server thread/INFO]: [ChunkHolderManager] Waiting 60s for chunk system to halt for world 'mina'
[00:58:12] [Server thread/INFO]: [ChunkHolderManager] Halted chunk system for world 'mina'
[00:58:12] [Server thread/INFO]: [ChunkHolderManager] Saving all chunkholders for world 'mina'
[00:58:12] [Server thread/INFO]: [ChunkHolderManager] Saved 10 block chunks, 30 entity chunks, 1 poi chunks in world 'mina' in 0.04s
[00:58:12] [Server thread/INFO]: [ChunkHolderManager] Waiting 60s for chunk I/O to halt for world 'mina'
[00:58:12] [Server thread/INFO]: [ChunkHolderManager] Halted I/O scheduler for world 'mina'
[00:58:12] [Server thread/INFO]: ThreadedAnvilChunkStorage (spawn): All chunks are saved
[00:58:12] [Server thread/INFO]: ThreadedAnvilChunkStorage (DIM-1): All chunks are saved
[00:58:12] [Server thread/INFO]: ThreadedAnvilChunkStorage (DIM1): All chunks are saved
[00:58:12] [Server thread/INFO]: ThreadedAnvilChunkStorage (world): All chunks are saved
[00:58:12] [Server thread/INFO]: ThreadedAnvilChunkStorage (DIM1): All chunks are saved
[00:58:12] [Server thread/INFO]: ThreadedAnvilChunkStorage (DIM-1): All chunks are saved
[00:58:12] [Server thread/INFO]: ThreadedAnvilChunkStorage (pvp): All chunks are saved
[00:58:12] [Server thread/INFO]: ThreadedAnvilChunkStorage (mina): All chunks are saved
[00:58:12] [Server thread/INFO]: ThreadedAnvilChunkStorage: All dimensions are saved
[00:58:12] [Server thread/INFO]: Waiting for all RegionFile I/O tasks to complete...
[00:58:12] [Server thread/INFO]: All RegionFile I/O tasks to complete
[00:58:12] [Server thread/INFO]: [MoonriseCommon] Awaiting termination of worker pool for up to 60s...
[00:58:12] [Server thread/INFO]: [MoonriseCommon] Awaiting termination of I/O pool for up to 60s...
